This is pdfTeX, Version 3.141592653-2.6-1.40.22 (TeX Live 2022/dev/Debian) (preloaded format=pdflatex 2022.7.20)  21 JUL 2022 12:50
entering extended mode
 restricted \write18 enabled.
 %&-line parsing enabled.
**9.5.tex
(./9.5.tex
LaTeX2e <2021-11-15> patch level 1
L3 programming layer <2022-01-21>
(/usr/share/texlive/texmf-dist/tex/latex/base/book.cls
Document Class: book 2021/10/04 v1.4n Standard LaTeX document class
(/usr/share/texlive/texmf-dist/tex/latex/base/bk12.clo
File: bk12.clo 2021/10/04 v1.4n Standard LaTeX file (size option)
)
\c@part=\count185
\c@chapter=\count186
\c@section=\count187
\c@subsection=\count188
\c@subsubsection=\count189
\c@paragraph=\count190
\c@subparagraph=\count191
\c@figure=\count192
\c@table=\count193
\abovecaptionskip=\skip47
\belowcaptionskip=\skip48
\bibindent=\dimen138
)
(/usr/share/texlive/texmf-dist/tex/latex/graphics/graphicx.sty
Package: graphicx 2021/09/16 v1.2d Enhanced LaTeX Graphics (DPC,SPQR)

(/usr/share/texlive/texmf-dist/tex/latex/graphics/keyval.sty
Package: keyval 2014/10/28 v1.15 key=value parser (DPC)
\KV@toks@=\toks16
)
(/usr/share/texlive/texmf-dist/tex/latex/graphics/graphics.sty
Package: graphics 2021/03/04 v1.4d Standard LaTeX Graphics (DPC,SPQR)

(/usr/share/texlive/texmf-dist/tex/latex/graphics/trig.sty
Package: trig 2021/08/11 v1.11 sin cos tan (DPC)
)
(/usr/share/texlive/texmf-dist/tex/latex/graphics-cfg/graphics.cfg
File: graphics.cfg 2016/06/04 v1.11 sample graphics configuration
)
Package graphics Info: Driver file: pdftex.def on input line 107.

(/usr/share/texlive/texmf-dist/tex/latex/graphics-def/pdftex.def
File: pdftex.def 2020/10/05 v1.2a Graphics/color driver for pdftex
))
\Gin@req@height=\dimen139
\Gin@req@width=\dimen140
)
(/usr/share/texlive/texmf-dist/tex/latex/background/background.sty
Package: background 2014/03/04 v2.1 background material

(/usr/share/texlive/texmf-dist/tex/latex/xkeyval/xkeyval.sty
Package: xkeyval 2020/11/20 v2.8 package option processing (HA)

(/usr/share/texlive/texmf-dist/tex/generic/xkeyval/xkeyval.tex
(/usr/share/texlive/texmf-dist/tex/generic/xkeyval/xkvutils.tex
\XKV@toks=\toks17
\XKV@tempa@toks=\toks18
)
\XKV@depth=\count194
File: xkeyval.tex 2014/12/03 v2.7a key=value parser (HA)
))
(/usr/share/texlive/texmf-dist/tex/latex/pgf/frontendlayer/tikz.sty
(/usr/share/texlive/texmf-dist/tex/latex/pgf/basiclayer/pgf.sty
(/usr/share/texlive/texmf-dist/tex/latex/pgf/utilities/pgfrcs.sty
(/usr/share/texlive/texmf-dist/tex/generic/pgf/utilities/pgfutil-common.tex
\pgfutil@everybye=\toks19
\pgfutil@tempdima=\dimen141
\pgfutil@tempdimb=\dimen142

(/usr/share/texlive/texmf-dist/tex/generic/pgf/utilities/pgfutil-common-lists.t
ex)) (/usr/share/texlive/texmf-dist/tex/generic/pgf/utilities/pgfutil-latex.def
\pgfutil@abb=\box50
) (/usr/share/texlive/texmf-dist/tex/generic/pgf/utilities/pgfrcs.code.tex
(/usr/share/texlive/texmf-dist/tex/generic/pgf/pgf.revision.tex)
Package: pgfrcs 2021/05/15 v3.1.9a (3.1.9a)
))
Package: pgf 2021/05/15 v3.1.9a (3.1.9a)

(/usr/share/texlive/texmf-dist/tex/latex/pgf/basiclayer/pgfcore.sty
(/usr/share/texlive/texmf-dist/tex/latex/pgf/systemlayer/pgfsys.sty
(/usr/share/texlive/texmf-dist/tex/generic/pgf/systemlayer/pgfsys.code.tex
Package: pgfsys 2021/05/15 v3.1.9a (3.1.9a)

(/usr/share/texlive/texmf-dist/tex/generic/pgf/utilities/pgfkeys.code.tex
\pgfkeys@pathtoks=\toks20
\pgfkeys@temptoks=\toks21

(/usr/share/texlive/texmf-dist/tex/generic/pgf/utilities/pgfkeysfiltered.code.t
ex
\pgfkeys@tmptoks=\toks22
))
\pgf@x=\dimen143
\pgf@y=\dimen144
\pgf@xa=\dimen145
\pgf@ya=\dimen146
\pgf@xb=\dimen147
\pgf@yb=\dimen148
\pgf@xc=\dimen149
\pgf@yc=\dimen150
\pgf@xd=\dimen151
\pgf@yd=\dimen152
\w@pgf@writea=\write3
\r@pgf@reada=\read2
\c@pgf@counta=\count195
\c@pgf@countb=\count196
\c@pgf@countc=\count197
\c@pgf@countd=\count198
\t@pgf@toka=\toks23
\t@pgf@tokb=\toks24
\t@pgf@tokc=\toks25
\pgf@sys@id@count=\count199
 (/usr/share/texlive/texmf-dist/tex/generic/pgf/systemlayer/pgf.cfg
File: pgf.cfg 2021/05/15 v3.1.9a (3.1.9a)
)
Driver file for pgf: pgfsys-pdftex.def

(/usr/share/texlive/texmf-dist/tex/generic/pgf/systemlayer/pgfsys-pdftex.def
File: pgfsys-pdftex.def 2021/05/15 v3.1.9a (3.1.9a)

(/usr/share/texlive/texmf-dist/tex/generic/pgf/systemlayer/pgfsys-common-pdf.de
f
File: pgfsys-common-pdf.def 2021/05/15 v3.1.9a (3.1.9a)
)))
(/usr/share/texlive/texmf-dist/tex/generic/pgf/systemlayer/pgfsyssoftpath.code.
tex
File: pgfsyssoftpath.code.tex 2021/05/15 v3.1.9a (3.1.9a)
\pgfsyssoftpath@smallbuffer@items=\count266
\pgfsyssoftpath@bigbuffer@items=\count267
)
(/usr/share/texlive/texmf-dist/tex/generic/pgf/systemlayer/pgfsysprotocol.code.
tex
File: pgfsysprotocol.code.tex 2021/05/15 v3.1.9a (3.1.9a)
)) (/usr/share/texlive/texmf-dist/tex/latex/xcolor/xcolor.sty
Package: xcolor 2021/10/31 v2.13 LaTeX color extensions (UK)

(/usr/share/texlive/texmf-dist/tex/latex/graphics-cfg/color.cfg
File: color.cfg 2016/01/02 v1.6 sample color configuration
)
Package xcolor Info: Driver file: pdftex.def on input line 227.
Package xcolor Info: Model `cmy' substituted by `cmy0' on input line 1352.
Package xcolor Info: Model `hsb' substituted by `rgb' on input line 1356.
Package xcolor Info: Model `RGB' extended on input line 1368.
Package xcolor Info: Model `HTML' substituted by `rgb' on input line 1370.
Package xcolor Info: Model `Hsb' substituted by `hsb' on input line 1371.
Package xcolor Info: Model `tHsb' substituted by `hsb' on input line 1372.
Package xcolor Info: Model `HSB' substituted by `hsb' on input line 1373.
Package xcolor Info: Model `Gray' substituted by `gray' on input line 1374.
Package xcolor Info: Model `wave' substituted by `hsb' on input line 1375.
)
(/usr/share/texlive/texmf-dist/tex/generic/pgf/basiclayer/pgfcore.code.tex
Package: pgfcore 2021/05/15 v3.1.9a (3.1.9a)

(/usr/share/texlive/texmf-dist/tex/generic/pgf/math/pgfmath.code.tex
(/usr/share/texlive/texmf-dist/tex/generic/pgf/math/pgfmathcalc.code.tex
(/usr/share/texlive/texmf-dist/tex/generic/pgf/math/pgfmathutil.code.tex)
(/usr/share/texlive/texmf-dist/tex/generic/pgf/math/pgfmathparser.code.tex
\pgfmath@dimen=\dimen153
\pgfmath@count=\count268
\pgfmath@box=\box51
\pgfmath@toks=\toks26
\pgfmath@stack@operand=\toks27
\pgfmath@stack@operation=\toks28
)
(/usr/share/texlive/texmf-dist/tex/generic/pgf/math/pgfmathfunctions.code.tex
(/usr/share/texlive/texmf-dist/tex/generic/pgf/math/pgfmathfunctions.basic.code
.tex)
(/usr/share/texlive/texmf-dist/tex/generic/pgf/math/pgfmathfunctions.trigonomet
ric.code.tex)
(/usr/share/texlive/texmf-dist/tex/generic/pgf/math/pgfmathfunctions.random.cod
e.tex)
(/usr/share/texlive/texmf-dist/tex/generic/pgf/math/pgfmathfunctions.comparison
.code.tex)
(/usr/share/texlive/texmf-dist/tex/generic/pgf/math/pgfmathfunctions.base.code.
tex)
(/usr/share/texlive/texmf-dist/tex/generic/pgf/math/pgfmathfunctions.round.code
.tex)
(/usr/share/texlive/texmf-dist/tex/generic/pgf/math/pgfmathfunctions.misc.code.
tex)
(/usr/share/texlive/texmf-dist/tex/generic/pgf/math/pgfmathfunctions.integerari
thmetics.code.tex)))
(/usr/share/texlive/texmf-dist/tex/generic/pgf/math/pgfmathfloat.code.tex
\c@pgfmathroundto@lastzeros=\count269
))
(/usr/share/texlive/texmf-dist/tex/generic/pgf/math/pgfint.code.tex)
(/usr/share/texlive/texmf-dist/tex/generic/pgf/basiclayer/pgfcorepoints.code.te
x
File: pgfcorepoints.code.tex 2021/05/15 v3.1.9a (3.1.9a)
\pgf@picminx=\dimen154
\pgf@picmaxx=\dimen155
\pgf@picminy=\dimen156
\pgf@picmaxy=\dimen157
\pgf@pathminx=\dimen158
\pgf@pathmaxx=\dimen159
\pgf@pathminy=\dimen160
\pgf@pathmaxy=\dimen161
\pgf@xx=\dimen162
\pgf@xy=\dimen163
\pgf@yx=\dimen164
\pgf@yy=\dimen165
\pgf@zx=\dimen166
\pgf@zy=\dimen167
)
(/usr/share/texlive/texmf-dist/tex/generic/pgf/basiclayer/pgfcorepathconstruct.
code.tex
File: pgfcorepathconstruct.code.tex 2021/05/15 v3.1.9a (3.1.9a)
\pgf@path@lastx=\dimen168
\pgf@path@lasty=\dimen169
)
(/usr/share/texlive/texmf-dist/tex/generic/pgf/basiclayer/pgfcorepathusage.code
.tex
File: pgfcorepathusage.code.tex 2021/05/15 v3.1.9a (3.1.9a)
\pgf@shorten@end@additional=\dimen170
\pgf@shorten@start@additional=\dimen171
)
(/usr/share/texlive/texmf-dist/tex/generic/pgf/basiclayer/pgfcorescopes.code.te
x
File: pgfcorescopes.code.tex 2021/05/15 v3.1.9a (3.1.9a)
\pgfpic=\box52
\pgf@hbox=\box53
\pgf@layerbox@main=\box54
\pgf@picture@serial@count=\count270
)
(/usr/share/texlive/texmf-dist/tex/generic/pgf/basiclayer/pgfcoregraphicstate.c
ode.tex
File: pgfcoregraphicstate.code.tex 2021/05/15 v3.1.9a (3.1.9a)
\pgflinewidth=\dimen172
)
(/usr/share/texlive/texmf-dist/tex/generic/pgf/basiclayer/pgfcoretransformation
s.code.tex
File: pgfcoretransformations.code.tex 2021/05/15 v3.1.9a (3.1.9a)
\pgf@pt@x=\dimen173
\pgf@pt@y=\dimen174
\pgf@pt@temp=\dimen175
)
(/usr/share/texlive/texmf-dist/tex/generic/pgf/basiclayer/pgfcorequick.code.tex
File: pgfcorequick.code.tex 2021/05/15 v3.1.9a (3.1.9a)
)
(/usr/share/texlive/texmf-dist/tex/generic/pgf/basiclayer/pgfcoreobjects.code.t
ex
File: pgfcoreobjects.code.tex 2021/05/15 v3.1.9a (3.1.9a)
)
(/usr/share/texlive/texmf-dist/tex/generic/pgf/basiclayer/pgfcorepathprocessing
.code.tex
File: pgfcorepathprocessing.code.tex 2021/05/15 v3.1.9a (3.1.9a)
)
(/usr/share/texlive/texmf-dist/tex/generic/pgf/basiclayer/pgfcorearrows.code.te
x
File: pgfcorearrows.code.tex 2021/05/15 v3.1.9a (3.1.9a)
\pgfarrowsep=\dimen176
)
(/usr/share/texlive/texmf-dist/tex/generic/pgf/basiclayer/pgfcoreshade.code.tex
File: pgfcoreshade.code.tex 2021/05/15 v3.1.9a (3.1.9a)
\pgf@max=\dimen177
\pgf@sys@shading@range@num=\count271
\pgf@shadingcount=\count272
)
(/usr/share/texlive/texmf-dist/tex/generic/pgf/basiclayer/pgfcoreimage.code.tex
File: pgfcoreimage.code.tex 2021/05/15 v3.1.9a (3.1.9a)

(/usr/share/texlive/texmf-dist/tex/generic/pgf/basiclayer/pgfcoreexternal.code.
tex
File: pgfcoreexternal.code.tex 2021/05/15 v3.1.9a (3.1.9a)
\pgfexternal@startupbox=\box55
))
(/usr/share/texlive/texmf-dist/tex/generic/pgf/basiclayer/pgfcorelayers.code.te
x
File: pgfcorelayers.code.tex 2021/05/15 v3.1.9a (3.1.9a)
)
(/usr/share/texlive/texmf-dist/tex/generic/pgf/basiclayer/pgfcoretransparency.c
ode.tex
File: pgfcoretransparency.code.tex 2021/05/15 v3.1.9a (3.1.9a)
)
(/usr/share/texlive/texmf-dist/tex/generic/pgf/basiclayer/pgfcorepatterns.code.
tex
File: pgfcorepatterns.code.tex 2021/05/15 v3.1.9a (3.1.9a)
)
(/usr/share/texlive/texmf-dist/tex/generic/pgf/basiclayer/pgfcorerdf.code.tex
File: pgfcorerdf.code.tex 2021/05/15 v3.1.9a (3.1.9a)
)))
(/usr/share/texlive/texmf-dist/tex/generic/pgf/modules/pgfmoduleshapes.code.tex
File: pgfmoduleshapes.code.tex 2021/05/15 v3.1.9a (3.1.9a)
\pgfnodeparttextbox=\box56
) (/usr/share/texlive/texmf-dist/tex/generic/pgf/modules/pgfmoduleplot.code.tex
File: pgfmoduleplot.code.tex 2021/05/15 v3.1.9a (3.1.9a)
)
(/usr/share/texlive/texmf-dist/tex/latex/pgf/compatibility/pgfcomp-version-0-65
.sty
Package: pgfcomp-version-0-65 2021/05/15 v3.1.9a (3.1.9a)
\pgf@nodesepstart=\dimen178
\pgf@nodesepend=\dimen179
)
(/usr/share/texlive/texmf-dist/tex/latex/pgf/compatibility/pgfcomp-version-1-18
.sty
Package: pgfcomp-version-1-18 2021/05/15 v3.1.9a (3.1.9a)
)) (/usr/share/texlive/texmf-dist/tex/latex/pgf/utilities/pgffor.sty
(/usr/share/texlive/texmf-dist/tex/latex/pgf/utilities/pgfkeys.sty
(/usr/share/texlive/texmf-dist/tex/generic/pgf/utilities/pgfkeys.code.tex))
(/usr/share/texlive/texmf-dist/tex/latex/pgf/math/pgfmath.sty
(/usr/share/texlive/texmf-dist/tex/generic/pgf/math/pgfmath.code.tex))
(/usr/share/texlive/texmf-dist/tex/generic/pgf/utilities/pgffor.code.tex
Package: pgffor 2021/05/15 v3.1.9a (3.1.9a)

(/usr/share/texlive/texmf-dist/tex/generic/pgf/math/pgfmath.code.tex)
\pgffor@iter=\dimen180
\pgffor@skip=\dimen181
\pgffor@stack=\toks29
\pgffor@toks=\toks30
))
(/usr/share/texlive/texmf-dist/tex/generic/pgf/frontendlayer/tikz/tikz.code.tex
Package: tikz 2021/05/15 v3.1.9a (3.1.9a)

(/usr/share/texlive/texmf-dist/tex/generic/pgf/libraries/pgflibraryplothandlers
.code.tex
File: pgflibraryplothandlers.code.tex 2021/05/15 v3.1.9a (3.1.9a)
\pgf@plot@mark@count=\count273
\pgfplotmarksize=\dimen182
)
\tikz@lastx=\dimen183
\tikz@lasty=\dimen184
\tikz@lastxsaved=\dimen185
\tikz@lastysaved=\dimen186
\tikz@lastmovetox=\dimen187
\tikz@lastmovetoy=\dimen188
\tikzleveldistance=\dimen189
\tikzsiblingdistance=\dimen190
\tikz@figbox=\box57
\tikz@figbox@bg=\box58
\tikz@tempbox=\box59
\tikz@tempbox@bg=\box60
\tikztreelevel=\count274
\tikznumberofchildren=\count275
\tikznumberofcurrentchild=\count276
\tikz@fig@count=\count277

(/usr/share/texlive/texmf-dist/tex/generic/pgf/modules/pgfmodulematrix.code.tex
File: pgfmodulematrix.code.tex 2021/05/15 v3.1.9a (3.1.9a)
\pgfmatrixcurrentrow=\count278
\pgfmatrixcurrentcolumn=\count279
\pgf@matrix@numberofcolumns=\count280
)
\tikz@expandcount=\count281

(/usr/share/texlive/texmf-dist/tex/generic/pgf/frontendlayer/tikz/libraries/tik
zlibrarytopaths.code.tex
File: tikzlibrarytopaths.code.tex 2021/05/15 v3.1.9a (3.1.9a)
)))
(/usr/share/texlive/texmf-dist/tex/latex/everypage/everypage.sty
Package: everypage 2020/10/17 R2.0b Hooks to run on every page


Package everypage Warning: Functionality similar to this package has recently
(everypage)                been implemented in LaTeX. This package is now in
(everypage)                legacy status.
(everypage)                Please, don't use it in new documents and packages.


Package everypage Warning: You appear to be running a version of LaTeX
(everypage)                providing the new functionality.
(everypage)                Doing the best to deliver the original `everypage`
(everypage)                interface on top of it. Strict equivalence is
(everypage)                not possible, breakage may occur.
(everypage)                If truly needed, Use `everypage-1x` to force the
(everypage)                loading of an older code base.

) (/usr/share/texlive/texmf-dist/tex/latex/tools/afterpage.sty
Package: afterpage 2014/10/28 v1.08 After-Page Package (DPC)
\AP@output=\toks31
\AP@partial=\box61
\AP@footins=\box62
))
(/usr/share/texlive/texmf-dist/tex/latex/lipsum/lipsum.sty
(/usr/share/texlive/texmf-dist/tex/latex/l3packages/l3keys2e/l3keys2e.sty
(/usr/share/texlive/texmf-dist/tex/latex/l3kernel/expl3.sty
Package: expl3 2022-01-21 L3 programming layer (loader) 

(/usr/share/texlive/texmf-dist/tex/latex/l3backend/l3backend-pdftex.def
File: l3backend-pdftex.def 2022-01-12 L3 backend support: PDF output (pdfTeX)
\l__color_backend_stack_int=\count282
\l__pdf_internal_box=\box63
))
Package: l3keys2e 2022-01-12 LaTeX2e option processing using LaTeX3 keys
)
Package: lipsum 2021-09-20 v2.7 150 paragraphs of Lorem Ipsum dummy text
\g__lipsum_par_int=\count283
\l__lipsum_a_int=\count284
\l__lipsum_b_int=\count285

(/usr/share/texlive/texmf-dist/tex/latex/lipsum/lipsum.ltd.tex))
\drop=\skip49
 (./9.5.aux)
\openout1 = `9.5.aux'.

LaTeX Font Info:    Checking defaults for OML/cmm/m/it on input line 29.
LaTeX Font Info:    ... okay on input line 29.
LaTeX Font Info:    Checking defaults for OMS/cmsy/m/n on input line 29.
LaTeX Font Info:    ... okay on input line 29.
LaTeX Font Info:    Checking defaults for OT1/cmr/m/n on input line 29.
LaTeX Font Info:    ... okay on input line 29.
LaTeX Font Info:    Checking defaults for T1/cmr/m/n on input line 29.
LaTeX Font Info:    ... okay on input line 29.
LaTeX Font Info:    Checking defaults for TS1/cmr/m/n on input line 29.
LaTeX Font Info:    ... okay on input line 29.
LaTeX Font Info:    Checking defaults for OMX/cmex/m/n on input line 29.
LaTeX Font Info:    ... okay on input line 29.
LaTeX Font Info:    Checking defaults for U/cmr/m/n on input line 29.
LaTeX Font Info:    ... okay on input line 29.

(/usr/share/texlive/texmf-dist/tex/context/base/mkii/supp-pdf.mkii
[Loading MPS to PDF converter (version 2006.09.02).]
\scratchcounter=\count286
\scratchdimen=\dimen191
\scratchbox=\box64
\nofMPsegments=\count287
\nofMParguments=\count288
\everyMPshowfont=\toks32
\MPscratchCnt=\count289
\MPscratchDim=\dimen192
\MPnumerator=\count290
\makeMPintoPDFobject=\count291
\everyMPtoPDFconversion=\toks33
) (/usr/share/texlive/texmf-dist/tex/latex/epstopdf-pkg/epstopdf-base.sty
Package: epstopdf-base 2020-01-24 v2.11 Base part for package epstopdf
Package epstopdf-base Info: Redefining graphics rule for `.eps' on input line 4
85.

(/usr/share/texlive/texmf-dist/tex/latex/latexconfig/epstopdf-sys.cfg
File: epstopdf-sys.cfg 2010/07/13 v1.3 Configuration of (r)epstopdf for TeX Liv
e
))
</home/anmnv/Desktop/eBook/images/logo.jpeg, id=4, 770.88pt x 770.88pt>
File: /home/anmnv/Desktop/eBook/images/logo.jpeg Graphic file (type jpg)
<use /home/anmnv/Desktop/eBook/images/logo.jpeg>
Package pdftex.def Info: /home/anmnv/Desktop/eBook/images/logo.jpeg  used on in
put line 31.
(pdftex.def)             Requested size: 142.26378pt x 142.25769pt.
File: /home/anmnv/Desktop/eBook/images/logo.jpeg Graphic file (type jpg)
<use /home/anmnv/Desktop/eBook/images/logo.jpeg>
Package pdftex.def Info: /home/anmnv/Desktop/eBook/images/logo.jpeg  used on in
put line 31.
(pdftex.def)             Requested size: 142.26378pt x 142.25769pt.
File: /home/anmnv/Desktop/eBook/images/logo.jpeg Graphic file (type jpg)
<use /home/anmnv/Desktop/eBook/images/logo.jpeg>
Package pdftex.def Info: /home/anmnv/Desktop/eBook/images/logo.jpeg  used on in
put line 31.
(pdftex.def)             Requested size: 142.26378pt x 142.25769pt.
File: /home/anmnv/Desktop/eBook/images/logo.jpeg Graphic file (type jpg)
<use /home/anmnv/Desktop/eBook/images/logo.jpeg>
Package pdftex.def Info: /home/anmnv/Desktop/eBook/images/logo.jpeg  used on in
put line 31.
(pdftex.def)             Requested size: 142.26378pt x 142.25769pt.
File: /home/anmnv/Desktop/eBook/images/logo.jpeg Graphic file (type jpg)
<use /home/anmnv/Desktop/eBook/images/logo.jpeg>
Package pdftex.def Info: /home/anmnv/Desktop/eBook/images/logo.jpeg  used on in
put line 31.
(pdftex.def)             Requested size: 142.26378pt x 142.25769pt.
File: /home/anmnv/Desktop/eBook/images/logo.jpeg Graphic file (type jpg)
<use /home/anmnv/Desktop/eBook/images/logo.jpeg>
Package pdftex.def Info: /home/anmnv/Desktop/eBook/images/logo.jpeg  used on in
put line 31.
(pdftex.def)             Requested size: 142.26378pt x 142.25769pt.
File: /home/anmnv/Desktop/eBook/images/logo.jpeg Graphic file (type jpg)
<use /home/anmnv/Desktop/eBook/images/logo.jpeg>
Package pdftex.def Info: /home/anmnv/Desktop/eBook/images/logo.jpeg  used on in
put line 31.
(pdftex.def)             Requested size: 142.26378pt x 142.25769pt.
File: /home/anmnv/Desktop/eBook/images/logo.jpeg Graphic file (type jpg)
<use /home/anmnv/Desktop/eBook/images/logo.jpeg>
Package pdftex.def Info: /home/anmnv/Desktop/eBook/images/logo.jpeg  used on in
put line 31.
(pdftex.def)             Requested size: 142.26378pt x 142.25769pt.
File: /home/anmnv/Desktop/eBook/images/logo.jpeg Graphic file (type jpg)
<use /home/anmnv/Desktop/eBook/images/logo.jpeg>
Package pdftex.def Info: /home/anmnv/Desktop/eBook/images/logo.jpeg  used on in
put line 31.
(pdftex.def)             Requested size: 142.26378pt x 142.25769pt.
File: /home/anmnv/Desktop/eBook/images/logo.jpeg Graphic file (type jpg)
<use /home/anmnv/Desktop/eBook/images/logo.jpeg>
Package pdftex.def Info: /home/anmnv/Desktop/eBook/images/logo.jpeg  used on in
put line 31.
(pdftex.def)             Requested size: 142.26378pt x 142.25769pt.
File: /home/anmnv/Desktop/eBook/images/logo.jpeg Graphic file (type jpg)
<use /home/anmnv/Desktop/eBook/images/logo.jpeg>
Package pdftex.def Info: /home/anmnv/Desktop/eBook/images/logo.jpeg  used on in
put line 31.
(pdftex.def)             Requested size: 142.26378pt x 142.25769pt.
File: /home/anmnv/Desktop/eBook/images/logo.jpeg Graphic file (type jpg)
<use /home/anmnv/Desktop/eBook/images/logo.jpeg>
Package pdftex.def Info: /home/anmnv/Desktop/eBook/images/logo.jpeg  used on in
put line 31.
(pdftex.def)             Requested size: 142.26378pt x 142.25769pt.
File: /home/anmnv/Desktop/eBook/images/logo.jpeg Graphic file (type jpg)
<use /home/anmnv/Desktop/eBook/images/logo.jpeg>
Package pdftex.def Info: /home/anmnv/Desktop/eBook/images/logo.jpeg  used on in
put line 31.
(pdftex.def)             Requested size: 142.26378pt x 142.25769pt.
File: /home/anmnv/Desktop/eBook/images/logo.jpeg Graphic file (type jpg)
<use /home/anmnv/Desktop/eBook/images/logo.jpeg>
Package pdftex.def Info: /home/anmnv/Desktop/eBook/images/logo.jpeg  used on in
put line 31.
(pdftex.def)             Requested size: 142.26378pt x 142.25769pt.
File: /home/anmnv/Desktop/eBook/images/logo.jpeg Graphic file (type jpg)
<use /home/anmnv/Desktop/eBook/images/logo.jpeg>
Package pdftex.def Info: /home/anmnv/Desktop/eBook/images/logo.jpeg  used on in
put line 31.
(pdftex.def)             Requested size: 142.26378pt x 142.25769pt.
File: /home/anmnv/Desktop/eBook/images/logo.jpeg Graphic file (type jpg)
<use /home/anmnv/Desktop/eBook/images/logo.jpeg>
Package pdftex.def Info: /home/anmnv/Desktop/eBook/images/logo.jpeg  used on in
put line 31.
(pdftex.def)             Requested size: 142.26378pt x 142.25769pt.
File: /home/anmnv/Desktop/eBook/images/logo.jpeg Graphic file (type jpg)
<use /home/anmnv/Desktop/eBook/images/logo.jpeg>
Package pdftex.def Info: /home/anmnv/Desktop/eBook/images/logo.jpeg  used on in
put line 31.
(pdftex.def)             Requested size: 142.26378pt x 142.25769pt.
File: /home/anmnv/Desktop/eBook/images/logo.jpeg Graphic file (type jpg)
<use /home/anmnv/Desktop/eBook/images/logo.jpeg>
Package pdftex.def Info: /home/anmnv/Desktop/eBook/images/logo.jpeg  used on in
put line 31.
(pdftex.def)             Requested size: 142.26378pt x 142.25769pt.
File: /home/anmnv/Desktop/eBook/images/logo.jpeg Graphic file (type jpg)
<use /home/anmnv/Desktop/eBook/images/logo.jpeg>
Package pdftex.def Info: /home/anmnv/Desktop/eBook/images/logo.jpeg  used on in
put line 31.
(pdftex.def)             Requested size: 142.26378pt x 142.25769pt.
File: /home/anmnv/Desktop/eBook/images/logo.jpeg Graphic file (type jpg)
<use /home/anmnv/Desktop/eBook/images/logo.jpeg>
Package pdftex.def Info: /home/anmnv/Desktop/eBook/images/logo.jpeg  used on in
put line 31.
(pdftex.def)             Requested size: 142.26378pt x 142.25769pt.
File: /home/anmnv/Desktop/eBook/images/logo.jpeg Graphic file (type jpg)
<use /home/anmnv/Desktop/eBook/images/logo.jpeg>
Package pdftex.def Info: /home/anmnv/Desktop/eBook/images/logo.jpeg  used on in
put line 31.
(pdftex.def)             Requested size: 142.26378pt x 142.25769pt.
File: /home/anmnv/Desktop/eBook/images/logo.jpeg Graphic file (type jpg)
<use /home/anmnv/Desktop/eBook/images/logo.jpeg>
Package pdftex.def Info: /home/anmnv/Desktop/eBook/images/logo.jpeg  used on in
put line 31.
(pdftex.def)             Requested size: 142.26378pt x 142.25769pt.
File: /home/anmnv/Desktop/eBook/images/logo.jpeg Graphic file (type jpg)
<use /home/anmnv/Desktop/eBook/images/logo.jpeg>
Package pdftex.def Info: /home/anmnv/Desktop/eBook/images/logo.jpeg  used on in
put line 31.
(pdftex.def)             Requested size: 142.26378pt x 142.25769pt.
File: /home/anmnv/Desktop/eBook/images/logo.jpeg Graphic file (type jpg)
<use /home/anmnv/Desktop/eBook/images/logo.jpeg>
Package pdftex.def Info: /home/anmnv/Desktop/eBook/images/logo.jpeg  used on in
put line 31.
(pdftex.def)             Requested size: 142.26378pt x 142.25769pt.
File: /home/anmnv/Desktop/eBook/images/logo.jpeg Graphic file (type jpg)
<use /home/anmnv/Desktop/eBook/images/logo.jpeg>
Package pdftex.def Info: /home/anmnv/Desktop/eBook/images/logo.jpeg  used on in
put line 31.
(pdftex.def)             Requested size: 142.26378pt x 142.25769pt.
File: /home/anmnv/Desktop/eBook/images/logo.jpeg Graphic file (type jpg)
<use /home/anmnv/Desktop/eBook/images/logo.jpeg>
Package pdftex.def Info: /home/anmnv/Desktop/eBook/images/logo.jpeg  used on in
put line 31.
(pdftex.def)             Requested size: 142.26378pt x 142.25769pt.
File: /home/anmnv/Desktop/eBook/images/logo.jpeg Graphic file (type jpg)
<use /home/anmnv/Desktop/eBook/images/logo.jpeg>
Package pdftex.def Info: /home/anmnv/Desktop/eBook/images/logo.jpeg  used on in
put line 31.
(pdftex.def)             Requested size: 142.26378pt x 142.25769pt.
File: /home/anmnv/Desktop/eBook/images/logo.jpeg Graphic file (type jpg)
<use /home/anmnv/Desktop/eBook/images/logo.jpeg>
Package pdftex.def Info: /home/anmnv/Desktop/eBook/images/logo.jpeg  used on in
put line 31.
(pdftex.def)             Requested size: 142.26378pt x 142.25769pt.
File: /home/anmnv/Desktop/eBook/images/logo.jpeg Graphic file (type jpg)
<use /home/anmnv/Desktop/eBook/images/logo.jpeg>
Package pdftex.def Info: /home/anmnv/Desktop/eBook/images/logo.jpeg  used on in
put line 31.
(pdftex.def)             Requested size: 142.26378pt x 142.25769pt.
File: /home/anmnv/Desktop/eBook/images/logo.jpeg Graphic file (type jpg)
<use /home/anmnv/Desktop/eBook/images/logo.jpeg>
Package pdftex.def Info: /home/anmnv/Desktop/eBook/images/logo.jpeg  used on in
put line 31.
(pdftex.def)             Requested size: 142.26378pt x 142.25769pt.
File: /home/anmnv/Desktop/eBook/images/logo.jpeg Graphic file (type jpg)
<use /home/anmnv/Desktop/eBook/images/logo.jpeg>
Package pdftex.def Info: /home/anmnv/Desktop/eBook/images/logo.jpeg  used on in
put line 31.
(pdftex.def)             Requested size: 142.26378pt x 142.25769pt.
File: /home/anmnv/Desktop/eBook/images/logo.jpeg Graphic file (type jpg)
<use /home/anmnv/Desktop/eBook/images/logo.jpeg>
Package pdftex.def Info: /home/anmnv/Desktop/eBook/images/logo.jpeg  used on in
put line 31.
(pdftex.def)             Requested size: 142.26378pt x 142.25769pt.
File: /home/anmnv/Desktop/eBook/images/logo.jpeg Graphic file (type jpg)
<use /home/anmnv/Desktop/eBook/images/logo.jpeg>
Package pdftex.def Info: /home/anmnv/Desktop/eBook/images/logo.jpeg  used on in
put line 31.
(pdftex.def)             Requested size: 142.26378pt x 142.25769pt.
File: /home/anmnv/Desktop/eBook/images/logo.jpeg Graphic file (type jpg)
<use /home/anmnv/Desktop/eBook/images/logo.jpeg>
Package pdftex.def Info: /home/anmnv/Desktop/eBook/images/logo.jpeg  used on in
put line 31.
(pdftex.def)             Requested size: 142.26378pt x 142.25769pt.
File: /home/anmnv/Desktop/eBook/images/logo.jpeg Graphic file (type jpg)
<use /home/anmnv/Desktop/eBook/images/logo.jpeg>
Package pdftex.def Info: /home/anmnv/Desktop/eBook/images/logo.jpeg  used on in
put line 31.
(pdftex.def)             Requested size: 142.26378pt x 142.25769pt.
File: /home/anmnv/Desktop/eBook/images/logo.jpeg Graphic file (type jpg)
<use /home/anmnv/Desktop/eBook/images/logo.jpeg>
Package pdftex.def Info: /home/anmnv/Desktop/eBook/images/logo.jpeg  used on in
put line 31.
(pdftex.def)             Requested size: 142.26378pt x 142.25769pt.
File: /home/anmnv/Desktop/eBook/images/logo.jpeg Graphic file (type jpg)
<use /home/anmnv/Desktop/eBook/images/logo.jpeg>
Package pdftex.def Info: /home/anmnv/Desktop/eBook/images/logo.jpeg  used on in
put line 31.
(pdftex.def)             Requested size: 142.26378pt x 142.25769pt.
File: /home/anmnv/Desktop/eBook/images/logo.jpeg Graphic file (type jpg)
<use /home/anmnv/Desktop/eBook/images/logo.jpeg>
Package pdftex.def Info: /home/anmnv/Desktop/eBook/images/logo.jpeg  used on in
put line 31.
(pdftex.def)             Requested size: 142.26378pt x 142.25769pt.
File: /home/anmnv/Desktop/eBook/images/logo.jpeg Graphic file (type jpg)
<use /home/anmnv/Desktop/eBook/images/logo.jpeg>
Package pdftex.def Info: /home/anmnv/Desktop/eBook/images/logo.jpeg  used on in
put line 31.
(pdftex.def)             Requested size: 142.26378pt x 142.25769pt.
File: /home/anmnv/Desktop/eBook/images/logo.jpeg Graphic file (type jpg)
<use /home/anmnv/Desktop/eBook/images/logo.jpeg>
Package pdftex.def Info: /home/anmnv/Desktop/eBook/images/logo.jpeg  used on in
put line 31.
(pdftex.def)             Requested size: 142.26378pt x 142.25769pt.
File: /home/anmnv/Desktop/eBook/images/logo.jpeg Graphic file (type jpg)
<use /home/anmnv/Desktop/eBook/images/logo.jpeg>
Package pdftex.def Info: /home/anmnv/Desktop/eBook/images/logo.jpeg  used on in
put line 31.
(pdftex.def)             Requested size: 142.26378pt x 142.25769pt.
File: /home/anmnv/Desktop/eBook/images/logo.jpeg Graphic file (type jpg)
<use /home/anmnv/Desktop/eBook/images/logo.jpeg>
Package pdftex.def Info: /home/anmnv/Desktop/eBook/images/logo.jpeg  used on in
put line 31.
(pdftex.def)             Requested size: 142.26378pt x 142.25769pt.
File: /home/anmnv/Desktop/eBook/images/logo.jpeg Graphic file (type jpg)
<use /home/anmnv/Desktop/eBook/images/logo.jpeg>
Package pdftex.def Info: /home/anmnv/Desktop/eBook/images/logo.jpeg  used on in
put line 31.
(pdftex.def)             Requested size: 142.26378pt x 142.25769pt.
File: /home/anmnv/Desktop/eBook/images/logo.jpeg Graphic file (type jpg)
<use /home/anmnv/Desktop/eBook/images/logo.jpeg>
Package pdftex.def Info: /home/anmnv/Desktop/eBook/images/logo.jpeg  used on in
put line 31.
(pdftex.def)             Requested size: 142.26378pt x 142.25769pt.
File: /home/anmnv/Desktop/eBook/images/logo.jpeg Graphic file (type jpg)
<use /home/anmnv/Desktop/eBook/images/logo.jpeg>
Package pdftex.def Info: /home/anmnv/Desktop/eBook/images/logo.jpeg  used on in
put line 31.
(pdftex.def)             Requested size: 142.26378pt x 142.25769pt.
File: /home/anmnv/Desktop/eBook/images/logo.jpeg Graphic file (type jpg)
<use /home/anmnv/Desktop/eBook/images/logo.jpeg>
Package pdftex.def Info: /home/anmnv/Desktop/eBook/images/logo.jpeg  used on in
put line 31.
(pdftex.def)             Requested size: 142.26378pt x 142.25769pt.
File: /home/anmnv/Desktop/eBook/images/logo.jpeg Graphic file (type jpg)
<use /home/anmnv/Desktop/eBook/images/logo.jpeg>
Package pdftex.def Info: /home/anmnv/Desktop/eBook/images/logo.jpeg  used on in
put line 31.
(pdftex.def)             Requested size: 142.26378pt x 142.25769pt.
File: /home/anmnv/Desktop/eBook/images/logo.jpeg Graphic file (type jpg)
<use /home/anmnv/Desktop/eBook/images/logo.jpeg>
Package pdftex.def Info: /home/anmnv/Desktop/eBook/images/logo.jpeg  used on in
put line 31.
(pdftex.def)             Requested size: 142.26378pt x 142.25769pt.
File: /home/anmnv/Desktop/eBook/images/logo.jpeg Graphic file (type jpg)
<use /home/anmnv/Desktop/eBook/images/logo.jpeg>
Package pdftex.def Info: /home/anmnv/Desktop/eBook/images/logo.jpeg  used on in
put line 31.
(pdftex.def)             Requested size: 142.26378pt x 142.25769pt.
File: /home/anmnv/Desktop/eBook/images/logo.jpeg Graphic file (type jpg)
<use /home/anmnv/Desktop/eBook/images/logo.jpeg>
Package pdftex.def Info: /home/anmnv/Desktop/eBook/images/logo.jpeg  used on in
put line 31.
(pdftex.def)             Requested size: 142.26378pt x 142.25769pt.
File: /home/anmnv/Desktop/eBook/images/logo.jpeg Graphic file (type jpg)
<use /home/anmnv/Desktop/eBook/images/logo.jpeg>
Package pdftex.def Info: /home/anmnv/Desktop/eBook/images/logo.jpeg  used on in
put line 31.
(pdftex.def)             Requested size: 142.26378pt x 142.25769pt.
File: /home/anmnv/Desktop/eBook/images/logo.jpeg Graphic file (type jpg)
<use /home/anmnv/Desktop/eBook/images/logo.jpeg>
Package pdftex.def Info: /home/anmnv/Desktop/eBook/images/logo.jpeg  used on in
put line 31.
(pdftex.def)             Requested size: 142.26378pt x 142.25769pt.
File: /home/anmnv/Desktop/eBook/images/logo.jpeg Graphic file (type jpg)
<use /home/anmnv/Desktop/eBook/images/logo.jpeg>
Package pdftex.def Info: /home/anmnv/Desktop/eBook/images/logo.jpeg  used on in
put line 31.
(pdftex.def)             Requested size: 142.26378pt x 142.25769pt.
File: /home/anmnv/Desktop/eBook/images/logo.jpeg Graphic file (type jpg)
<use /home/anmnv/Desktop/eBook/images/logo.jpeg>
Package pdftex.def Info: /home/anmnv/Desktop/eBook/images/logo.jpeg  used on in
put line 31.
(pdftex.def)             Requested size: 142.26378pt x 142.25769pt.
File: /home/anmnv/Desktop/eBook/images/logo.jpeg Graphic file (type jpg)
<use /home/anmnv/Desktop/eBook/images/logo.jpeg>
Package pdftex.def Info: /home/anmnv/Desktop/eBook/images/logo.jpeg  used on in
put line 31.
(pdftex.def)             Requested size: 142.26378pt x 142.25769pt.
File: /home/anmnv/Desktop/eBook/images/logo.jpeg Graphic file (type jpg)
<use /home/anmnv/Desktop/eBook/images/logo.jpeg>
Package pdftex.def Info: /home/anmnv/Desktop/eBook/images/logo.jpeg  used on in
put line 31.
(pdftex.def)             Requested size: 142.26378pt x 142.25769pt.
File: /home/anmnv/Desktop/eBook/images/logo.jpeg Graphic file (type jpg)
<use /home/anmnv/Desktop/eBook/images/logo.jpeg>
Package pdftex.def Info: /home/anmnv/Desktop/eBook/images/logo.jpeg  used on in
put line 31.
(pdftex.def)             Requested size: 142.26378pt x 142.25769pt.
File: /home/anmnv/Desktop/eBook/images/logo.jpeg Graphic file (type jpg)
<use /home/anmnv/Desktop/eBook/images/logo.jpeg>
Package pdftex.def Info: /home/anmnv/Desktop/eBook/images/logo.jpeg  used on in
put line 31.
(pdftex.def)             Requested size: 142.26378pt x 142.25769pt.
File: /home/anmnv/Desktop/eBook/images/logo.jpeg Graphic file (type jpg)
<use /home/anmnv/Desktop/eBook/images/logo.jpeg>
Package pdftex.def Info: /home/anmnv/Desktop/eBook/images/logo.jpeg  used on in
put line 31.
(pdftex.def)             Requested size: 142.26378pt x 142.25769pt.
File: /home/anmnv/Desktop/eBook/images/logo.jpeg Graphic file (type jpg)
<use /home/anmnv/Desktop/eBook/images/logo.jpeg>
Package pdftex.def Info: /home/anmnv/Desktop/eBook/images/logo.jpeg  used on in
put line 31.
(pdftex.def)             Requested size: 142.26378pt x 142.25769pt.
File: /home/anmnv/Desktop/eBook/images/logo.jpeg Graphic file (type jpg)
<use /home/anmnv/Desktop/eBook/images/logo.jpeg>
Package pdftex.def Info: /home/anmnv/Desktop/eBook/images/logo.jpeg  used on in
put line 31.
(pdftex.def)             Requested size: 142.26378pt x 142.25769pt.
File: /home/anmnv/Desktop/eBook/images/logo.jpeg Graphic file (type jpg)
<use /home/anmnv/Desktop/eBook/images/logo.jpeg>
Package pdftex.def Info: /home/anmnv/Desktop/eBook/images/logo.jpeg  used on in
put line 31.
(pdftex.def)             Requested size: 142.26378pt x 142.25769pt.
File: /home/anmnv/Desktop/eBook/images/logo.jpeg Graphic file (type jpg)
<use /home/anmnv/Desktop/eBook/images/logo.jpeg>
Package pdftex.def Info: /home/anmnv/Desktop/eBook/images/logo.jpeg  used on in
put line 31.
(pdftex.def)             Requested size: 142.26378pt x 142.25769pt.
File: /home/anmnv/Desktop/eBook/images/logo.jpeg Graphic file (type jpg)
<use /home/anmnv/Desktop/eBook/images/logo.jpeg>
Package pdftex.def Info: /home/anmnv/Desktop/eBook/images/logo.jpeg  used on in
put line 31.
(pdftex.def)             Requested size: 142.26378pt x 142.25769pt.
File: /home/anmnv/Desktop/eBook/images/logo.jpeg Graphic file (type jpg)
<use /home/anmnv/Desktop/eBook/images/logo.jpeg>
Package pdftex.def Info: /home/anmnv/Desktop/eBook/images/logo.jpeg  used on in
put line 31.
(pdftex.def)             Requested size: 142.26378pt x 142.25769pt.
File: /home/anmnv/Desktop/eBook/images/logo.jpeg Graphic file (type jpg)
<use /home/anmnv/Desktop/eBook/images/logo.jpeg>
Package pdftex.def Info: /home/anmnv/Desktop/eBook/images/logo.jpeg  used on in
put line 31.
(pdftex.def)             Requested size: 142.26378pt x 142.25769pt.
File: /home/anmnv/Desktop/eBook/images/logo.jpeg Graphic file (type jpg)
<use /home/anmnv/Desktop/eBook/images/logo.jpeg>
Package pdftex.def Info: /home/anmnv/Desktop/eBook/images/logo.jpeg  used on in
put line 31.
(pdftex.def)             Requested size: 142.26378pt x 142.25769pt.
File: /home/anmnv/Desktop/eBook/images/logo.jpeg Graphic file (type jpg)
<use /home/anmnv/Desktop/eBook/images/logo.jpeg>
Package pdftex.def Info: /home/anmnv/Desktop/eBook/images/logo.jpeg  used on in
put line 31.
(pdftex.def)             Requested size: 142.26378pt x 142.25769pt.
File: /home/anmnv/Desktop/eBook/images/logo.jpeg Graphic file (type jpg)
<use /home/anmnv/Desktop/eBook/images/logo.jpeg>
Package pdftex.def Info: /home/anmnv/Desktop/eBook/images/logo.jpeg  used on in
put line 31.
(pdftex.def)             Requested size: 142.26378pt x 142.25769pt.
File: /home/anmnv/Desktop/eBook/images/logo.jpeg Graphic file (type jpg)
<use /home/anmnv/Desktop/eBook/images/logo.jpeg>
Package pdftex.def Info: /home/anmnv/Desktop/eBook/images/logo.jpeg  used on in
put line 31.
(pdftex.def)             Requested size: 142.26378pt x 142.25769pt.
LaTeX Font Info:    External font `cmex10' loaded for size
(Font)              <12> on input line 31.
LaTeX Font Info:    External font `cmex10' loaded for size
(Font)              <8> on input line 31.
LaTeX Font Info:    External font `cmex10' loaded for size
(Font)              <6> on input line 31.

[1{/var/lib/texmf/fonts/map/pdftex/updmap/pdftex.map}

 </home/anmnv/Desktop/eBook/images/logo.jpeg>] [2] (./9.5.aux) ) 
Here is how much of TeX's memory you used:
 12625 strings out of 478287
 265524 string characters out of 5849289
 629542 words of memory out of 5000000
 30608 multiletter control sequences out of 15000+600000
 472347 words of font info for 38 fonts, out of 8000000 for 9000
 1141 hyphenation exceptions out of 8191
 99i,14n,103p,492b,800s stack positions out of 5000i,500n,10000p,200000b,80000s
</usr/share/tex
live/texmf-dist/fonts/type1/public/amsfonts/cm/cmr12.pfb>
Output written on 9.5.pdf (2 pages, 80940 bytes).
PDF statistics:
 20 PDF objects out of 1000 (max. 8388607)
 12 compressed objects within 1 object stream
 0 named destinations out of 1000 (max. 500000)
 18 words of extra memory for PDF output out of 10000 (max. 10000000)

