\BOOKMARK [1][-]{section.1}{\376\377\000M\000a\000t\000h\000\040\000T\000i\000p\000s}{}% 1
\BOOKMARK [2][-]{subsection.1.1}{\376\377\000A\000u\000t\000o\000-\000r\000e\000s\000i\000z\000i\000n\000g\000\040\000e\000q\000u\000a\000t\000i\000o\000n}{section.1}% 2
\BOOKMARK [2][-]{subsection.1.2}{\376\377\000F\000o\000r\000m\000\040\000f\000o\000r\000\040\000s\000i\000m\000p\000l\000e\000s\000t\000\040\000c\000a\000l\000c\000u\000l\000a\000t\000i\000o\000n}{section.1}% 3
\BOOKMARK [2][-]{subsection.1.3}{\376\377\000E\000q\000u\000a\000t\000i\000o\000n\000\040\000i\000n\000\040\000t\000h\000e\000\040\000f\000o\000r\000m\000\040\000o\000f\000\040\000s\000t\000e\000p\000s}{section.1}% 4
\BOOKMARK [2][-]{subsection.1.4}{\376\377\000O\000n\000e\000\040\000n\000u\000m\000b\000e\000r\000\040\000f\000o\000r\000\040\000m\000u\000l\000t\000i\000l\000i\000n\000e\000\040\000e\000q\000u\000a\000t\000i\000o\000n}{section.1}% 5
\BOOKMARK [2][-]{subsection.1.5}{\376\377\000M\000a\000t\000r\000i\000x\000\040\000i\000n\000\040\000s\000t\000a\000n\000d\000a\000l\000o\000n\000e\000\040\000d\000o\000c\000u\000m\000e\000n\000t\000c\000l\000a\000s\000s}{section.1}% 6
\BOOKMARK [2][-]{subsection.1.6}{\376\377\000M\000u\000l\000t\000i\000p\000l\000e\000\040\000l\000i\000n\000e\000s\000,\000\040\000o\000n\000e\000\040\000c\000e\000n\000t\000e\000r\000e\000d\000\040\000l\000a\000b\000e\000l}{section.1}% 7
\BOOKMARK [2][-]{subsection.1.7}{\376\377\000A\000r\000r\000a\000y\000\040\000a\000s\000\040\000a\000\040\000f\000r\000a\000c\000t\000i\000o\000n}{section.1}% 8
\BOOKMARK [2][-]{subsection.1.8}{\376\377\000A\000l\000i\000g\000n\000i\000n\000g\000\040\000e\000q\000u\000a\000t\000i\000o\000n\000s\000\040\000i\000n\000b\000e\000t\000w\000e\000e\000n\000\040\000t\000e\000x\000t}{section.1}% 9
\BOOKMARK [2][-]{subsection.1.9}{\376\377\000E\000q\000u\000a\000t\000i\000o\000n\000:\000\040\000b\000o\000x\000e\000d\000\040\000s\000p\000l\000i\000t\000\040\000i\000n\000s\000i\000d\000e\000\040\000a\000l\000i\000g\000n}{section.1}% 10
\BOOKMARK [2][-]{subsection.1.10}{\376\377\000M\000u\000l\000t\000i\000l\000i\000n\000e\000\040\000t\000e\000x\000t\000\040\000a\000b\000o\000v\000e\000\040\000a\000r\000r\000o\000w\000\040\000o\000r\000\040\000r\000e\000l\000a\000t\000i\000o\000n\000\040\000s\000y\000m\000b\000o\000l}{section.1}% 11
\BOOKMARK [2][-]{subsection.1.11}{\376\377\000C\000a\000l\000c\000u\000l\000a\000t\000i\000n\000g\000\040\000s\000c\000h\000e\000m\000e\000\040\000f\000o\000r\000\040\000a\000\040\000p\000a\000r\000t\000i\000c\000u\000l\000a\000r\000\040\000s\000o\000l\000u\000t\000i\000o\000n}{section.1}% 12
\BOOKMARK [1][-]{section.2}{\376\377\000P\000l\000o\000t\000s\000,\000\040\000t\000i\000k\000z\000,\000\040\000p\000i\000e\000\040\000c\000h\000a\000r\000t\000s\000\040\000.\000.\000.}{}% 13
\BOOKMARK [2][-]{subsection.2.1}{\376\377\000S\000i\000m\000p\000l\000e\000\040\000p\000i\000e\000\040\000c\000h\000a\000r\000t}{section.2}% 14
\BOOKMARK [2][-]{subsection.2.2}{\376\377\000C\000i\000r\000c\000l\000e\000d\000\040\000a\000r\000r\000o\000w\000s\000\040\000w\000i\000t\000h\000\040\000t\000e\000x\000t}{section.2}% 15
\BOOKMARK [2][-]{subsection.2.3}{\376\377\000D\000i\000a\000m\000o\000n\000d\000\040\000w\000i\000t\000h\000\040\000t\000e\000x\000t}{section.2}% 16
\BOOKMARK [2][-]{subsection.2.4}{\376\377\000L\000e\000v\000e\000l\000s\000\040\000o\000f\000\040\000s\000k\000i\000l\000l\000s\000\040}{section.2}% 17
\BOOKMARK [2][-]{subsection.2.5}{\376\377\000R\000o\000u\000n\000d\000\040\000l\000e\000v\000e\000l\000s\000\040\000o\000f\000\040\000s\000k\000i\000l\000l\000s\000\040}{section.2}% 18
\BOOKMARK [2][-]{subsection.2.6}{\376\377\000H\000u\000g\000e\000\040\000m\000a\000r\000g\000i\000n\000\040\000l\000i\000n\000e}{section.2}% 19
\BOOKMARK [2][-]{subsection.2.7}{\376\377\000A\000l\000i\000g\000n\000i\000n\000g\000\040\000a\000n\000y\000t\000h\000i\000n\000g\000\040\000t\000o\000\040\000a\000\040\000c\000o\000r\000e\000r}{section.2}% 20
\BOOKMARK [2][-]{subsection.2.8}{\376\377\000F\000a\000m\000i\000l\000y\000\040\000t\000r\000e\000e}{section.2}% 21
\BOOKMARK [2][-]{subsection.2.9}{\376\377\000M\000i\000n\000d\000\040\000m\000a\000p}{section.2}% 22
\BOOKMARK [2][-]{subsection.2.10}{\376\377\000G\000a\000n\000t\000t\000\040\000c\000h\000a\000r\000t}{section.2}% 23
\BOOKMARK [2][-]{subsection.2.11}{\376\377\000D\000r\000a\000w\000i\000n\000g\000\040\000a\000\040\000s\000t\000a\000c\000k\000e\000d\000\040\000v\000e\000n\000n\000\040\000d\000i\000a\000g\000r\000a\000m}{section.2}% 24
\BOOKMARK [2][-]{subsection.2.12}{\376\377\000E\000l\000l\000i\000p\000s\000i\000s\000\040\000i\000n\000\040\000C\000i\000r\000c\000u\000i\000t\000i\000k\000z}{section.2}% 25
