This is pdfTeX, Version 3.141592653-2.6-1.40.24 (TeX Live 2022) (preloaded format=pdflatex 2023.2.28)  8 SEP 2023 14:07
entering extended mode
 \write18 enabled.
 file:line:error style messages enabled.
 %&-line parsing enabled.
**c:/Users/user/Desktop/eBook/source/C6
(c:/Users/user/Desktop/eBook/source/C6.tex
LaTeX2e <2022-11-01> patch level 1
L3 programming layer <2023-02-22>
c:/Users/user/Desktop/eBook/source/C6.tex:2: Undefined control sequence.
l.2 \subsection
               {\hll{Numbering in few columns}}
The control sequence at the end of the top line
of your error message was never \def'ed. If you have
misspelled it (e.g., `\hobx'), type `I' and the correct
spelling (e.g., `I\hbox'). Otherwise just continue,
and I'll forget about whatever was undefined.

c:/Users/user/Desktop/eBook/source/C6.tex:2: Undefined control sequence.
l.2 \subsection{\hll
                    {Numbering in few columns}}
The control sequence at the end of the top line
of your error message was never \def'ed. If you have
misspelled it (e.g., `\hobx'), type `I' and the correct
spelling (e.g., `I\hbox'). Otherwise just continue,
and I'll forget about whatever was undefined.


c:/Users/user/Desktop/eBook/source/C6.tex:2: LaTeX Error: Missing \begin{document}.

See the LaTeX manual or LaTeX Companion for explanation.
Type  H <return>  for immediate help.
 ...                                              
                                                  
l.2 \subsection{\hll{N
                      umbering in few columns}}
You're in trouble here.  Try typing  <return>  to proceed.
If that doesn't work, type  X <return>  to quit.

Missing character: There is no N in font nullfont!
Missing character: There is no u in font nullfont!
Missing character: There is no m in font nullfont!
Missing character: There is no b in font nullfont!
Missing character: There is no e in font nullfont!
Missing character: There is no r in font nullfont!
Missing character: There is no i in font nullfont!
Missing character: There is no n in font nullfont!
Missing character: There is no g in font nullfont!
Missing character: There is no i in font nullfont!
Missing character: There is no n in font nullfont!
Missing character: There is no f in font nullfont!
Missing character: There is no e in font nullfont!
Missing character: There is no w in font nullfont!
Missing character: There is no c in font nullfont!
Missing character: There is no o in font nullfont!
Missing character: There is no l in font nullfont!
Missing character: There is no u in font nullfont!
Missing character: There is no m in font nullfont!
Missing character: There is no n in font nullfont!
Missing character: There is no s in font nullfont!

Overfull \hbox (20.0pt too wide) in paragraph at lines 2--3
[]
 []


c:/Users/user/Desktop/eBook/source/C6.tex:4: LaTeX Error: Missing \begin{document}.

See the LaTeX manual or LaTeX Companion for explanation.
Type  H <return>  for immediate help.
 ...                                              
                                                  
l.4 \begin{tabular}
                   {c | c}
You're in trouble here.  Try typing  <return>  to proceed.
If that doesn't work, type  X <return>  to quit.

LaTeX Font Info:    External font `cmex10' loaded for size
(Font)              <7> on input line 4.
LaTeX Font Info:    External font `cmex10' loaded for size
(Font)              <5> on input line 4.
c:/Users/user/Desktop/eBook/source/C6.tex:6: Undefined control sequence.
l.6 \enum
         {
The control sequence at the end of the top line
of your error message was never \def'ed. If you have
misspelled it (e.g., `\hobx'), type `I' and the correct
spelling (e.g., `I\hbox'). Otherwise just continue,
and I'll forget about whatever was undefined.


c:/Users/user/Desktop/eBook/source/C6.tex:7: LaTeX Error: Environment multicols undefined.

See the LaTeX manual or LaTeX Companion for explanation.
Type  H <return>  for immediate help.
 ...                                              
                                                  
l.7 \begin{multicols}
                     {2}%change to have more columns
Your command was ignored.
Type  I <command> <return>  to replace it with another command,
or  <return>  to continue without it.

Missing character: There is no 2 in font nullfont!
Missing character: There is no c in font nullfont!
Missing character: There is no g in font nullfont!
Missing character: There is no d in font nullfont!
Missing character: There is no f in font nullfont!

c:/Users/user/Desktop/eBook/source/C6.tex:14: LaTeX Error: \begin{minipage} on input line 5 ended by \end{multicols}.

See the LaTeX manual or LaTeX Companion for explanation.
Type  H <return>  for immediate help.
 ...                                              
                                                  
l.14 \end{multicols}
                    }{\thesubsection}
Your command was ignored.
Type  I <command> <return>  to replace it with another command,
or  <return>  to continue without it.

c:/Users/user/Desktop/eBook/source/C6.tex:14: Undefined control sequence.
l.14 \end{multicols}}{\thesubsection
                                    }
The control sequence at the end of the top line
of your error message was never \def'ed. If you have
misspelled it (e.g., `\hobx'), type `I' and the correct
spelling (e.g., `I\hbox'). Otherwise just continue,
and I'll forget about whatever was undefined.


c:/Users/user/Desktop/eBook/source/C6.tex:19: LaTeX Error: Environment lstlisting undefined.

See the LaTeX manual or LaTeX Companion for explanation.
Type  H <return>  for immediate help.
 ...                                              
                                                  
l.19 \begin{lstlisting}
                       [numberstyle=\zebra{blue!15}{orange!15},numbers=left,...
Your command was ignored.
Type  I <command> <return>  to replace it with another command,
or  <return>  to continue without it.

Missing character: There is no [ in font nullfont!
Missing character: There is no n in font nullfont!
Missing character: There is no u in font nullfont!
Missing character: There is no m in font nullfont!
Missing character: There is no b in font nullfont!
Missing character: There is no e in font nullfont!
Missing character: There is no r in font nullfont!
Missing character: There is no s in font nullfont!
Missing character: There is no t in font nullfont!
Missing character: There is no y in font nullfont!
Missing character: There is no l in font nullfont!
Missing character: There is no e in font nullfont!
Missing character: There is no = in font nullfont!
c:/Users/user/Desktop/eBook/source/C6.tex:19: Undefined control sequence.
l.19 \begin{lstlisting}[numberstyle=\zebra
                                          {blue!15}{orange!15},numbers=left,...
The control sequence at the end of the top line
of your error message was never \def'ed. If you have
misspelled it (e.g., `\hobx'), type `I' and the correct
spelling (e.g., `I\hbox'). Otherwise just continue,
and I'll forget about whatever was undefined.

Missing character: There is no b in font nullfont!
Missing character: There is no l in font nullfont!
Missing character: There is no u in font nullfont!
Missing character: There is no e in font nullfont!
Missing character: There is no ! in font nullfont!
Missing character: There is no 1 in font nullfont!
Missing character: There is no 5 in font nullfont!
Missing character: There is no o in font nullfont!
Missing character: There is no r in font nullfont!
Missing character: There is no a in font nullfont!
Missing character: There is no n in font nullfont!
Missing character: There is no g in font nullfont!
Missing character: There is no e in font nullfont!
Missing character: There is no ! in font nullfont!
Missing character: There is no 1 in font nullfont!
Missing character: There is no 5 in font nullfont!
Missing character: There is no , in font nullfont!
Missing character: There is no n in font nullfont!
Missing character: There is no u in font nullfont!
Missing character: There is no m in font nullfont!
Missing character: There is no b in font nullfont!
Missing character: There is no e in font nullfont!
Missing character: There is no r in font nullfont!
Missing character: There is no s in font nullfont!
Missing character: There is no = in font nullfont!
Missing character: There is no l in font nullfont!
Missing character: There is no e in font nullfont!
Missing character: There is no f in font nullfont!
Missing character: There is no t in font nullfont!
Missing character: There is no , in font nullfont!
Missing character: There is no b in font nullfont!
Missing character: There is no a in font nullfont!
Missing character: There is no s in font nullfont!
Missing character: There is no i in font nullfont!
Missing character: There is no c in font nullfont!
Missing character: There is no s in font nullfont!
Missing character: There is no t in font nullfont!
Missing character: There is no y in font nullfont!
Missing character: There is no l in font nullfont!
Missing character: There is no e in font nullfont!
Missing character: There is no = in font nullfont!
c:/Users/user/Desktop/eBook/source/C6.tex:19: Undefined control sequence.
l.19 ...mbers=left,basicstyle=\ttfamily\scriptsize
                                                  ]{tex}
The control sequence at the end of the top line
of your error message was never \def'ed. If you have
misspelled it (e.g., `\hobx'), type `I' and the correct
spelling (e.g., `I\hbox'). Otherwise just continue,
and I'll forget about whatever was undefined.

(c:/texlive/2022/texmf-dist/tex/latex/base/article.cls
Document Class: article 2022/07/02 v1.4n Standard LaTeX document class
(c:/texlive/2022/texmf-dist/tex/latex/base/size10.clo
File: size10.clo 2022/07/02 v1.4n Standard LaTeX file (size option)
)
\c@part=\count185
\c@section=\count186
\c@subsection=\count187
\c@subsubsection=\count188
\c@paragraph=\count189
\c@subparagraph=\count190
\c@figure=\count191
\c@table=\count192
\abovecaptionskip=\skip48
\belowcaptionskip=\skip49
\bibindent=\dimen140
) (c:/texlive/2022/texmf-dist/tex/latex/tools/multicol.sty
Package: multicol 2021/11/30 v1.9d multicolumn formatting (FMi)
\c@tracingmulticols=\count193
\mult@box=\box51
\multicol@leftmargin=\dimen141
\c@unbalance=\count194
\c@collectmore=\count195
\doublecol@number=\count196
\multicoltolerance=\count197
\multicolpretolerance=\count198
\full@width=\dimen142
\page@free=\dimen143
\premulticols=\dimen144
\postmulticols=\dimen145
\multicolsep=\skip50
\multicolbaselineskip=\skip51
\partial@page=\box52
\last@line=\box53
\maxbalancingoverflow=\dimen146
\mult@rightbox=\box54
\mult@grightbox=\box55
\mult@firstbox=\box56
\mult@gfirstbox=\box57
\@tempa=\box58
\@tempa=\box59
\@tempa=\box60
\@tempa=\box61
\@tempa=\box62
\@tempa=\box63
\@tempa=\box64
\@tempa=\box65
\@tempa=\box66
\@tempa=\box67
\@tempa=\box68
\@tempa=\box69
\@tempa=\box70
\@tempa=\box71
\@tempa=\box72
\@tempa=\box73
\@tempa=\box74
\@tempa=\box75
\@tempa=\box76
\@tempa=\box77
\@tempa=\box78
\@tempa=\box79
\@tempa=\box80
\@tempa=\box81
\@tempa=\box82
\@tempa=\box83
\@tempa=\box84
\@tempa=\box85
\@tempa=\box86
\@tempa=\box87
\@tempa=\box88
\@tempa=\box89
\@tempa=\box90
\@tempa=\box91
\@tempa=\box92
\@tempa=\box93
\c@minrows=\count199
\c@columnbadness=\count266
\c@finalcolumnbadness=\count267
\last@try=\dimen147
\multicolovershoot=\dimen148
\multicolundershoot=\dimen149
\mult@nat@firstbox=\box94
\colbreak@box=\box95
\mc@col@check@num=\count268
) (c:/texlive/2022/texmf-dist/tex/latex/l3backend/l3backend-pdftex.def
File: l3backend-pdftex.def 2023-01-16 L3 backend support: PDF output (pdfTeX)
\l__color_backend_stack_int=\count269
\l__pdf_internal_box=\box96
)
No file C6.aux.
\openout1 = `C6.aux'.

LaTeX Font Info:    Checking defaults for OML/cmm/m/it on input line 23.
LaTeX Font Info:    ... okay on input line 23.
LaTeX Font Info:    Checking defaults for OMS/cmsy/m/n on input line 23.
LaTeX Font Info:    ... okay on input line 23.
LaTeX Font Info:    Checking defaults for OT1/cmr/m/n on input line 23.
LaTeX Font Info:    ... okay on input line 23.
LaTeX Font Info:    Checking defaults for T1/cmr/m/n on input line 23.
LaTeX Font Info:    ... okay on input line 23.
LaTeX Font Info:    Checking defaults for TS1/cmr/m/n on input line 23.
LaTeX Font Info:    ... okay on input line 23.
LaTeX Font Info:    Checking defaults for OMX/cmex/m/n on input line 23.
LaTeX Font Info:    ... okay on input line 23.
LaTeX Font Info:    Checking defaults for U/cmr/m/n on input line 23.
LaTeX Font Info:    ... okay on input line 23.

c:/Users/user/Desktop/eBook/source/C6.tex:32: LaTeX Error: \begin{minipage} on input line 17 ended by \end{document}.

See the LaTeX manual or LaTeX Companion for explanation.
Type  H <return>  for immediate help.
 ...                                              
                                                  
l.32 \end{document}
                   
Your command was ignored.
Type  I <command> <return>  to replace it with another command,
or  <return>  to continue without it.

(./C6.aux)
c:/Users/user/Desktop/eBook/source/C6.tex:32: You can't use `\end' in internal vertical mode.
\enddocument ...cument/end}\deadcycles \z@ \@@end 
                                                  
l.32 \end{document}
                   
Sorry, but I'm not programmed to handle this case;
I'll just pretend that you didn't ask for it.
If you're in the wrong mode, you might be able to
return to the right one by typing `I}' or `I$' or `I\par'.


c:/Users/user/Desktop/eBook/source/C6.tex:32: LaTeX Error: \begin{minipage} on input line 17 ended by \end{document}.

See the LaTeX manual or LaTeX Companion for explanation.
Type  H <return>  for immediate help.
 ...                                              
                                                  
l.32 \end{document}
                   
Your command was ignored.
Type  I <command> <return>  to replace it with another command,
or  <return>  to continue without it.


c:/Users/user/Desktop/eBook/source/C6.tex:33: LaTeX Error: \begin{minipage} on input line 17 ended by \end{lstlisting}.

See the LaTeX manual or LaTeX Companion for explanation.
Type  H <return>  for immediate help.
 ...                                              
                                                  
l.33 \end{lstlisting}
                     
Your command was ignored.
Type  I <command> <return>  to replace it with another command,
or  <return>  to continue without it.

c:/Users/user/Desktop/eBook/source/C6.tex:34: Missing } inserted.
<inserted text> 
                }
l.34 \end{minipage}
                   
I've inserted something that you may have forgotten.
(See the <inserted text> above.)
With luck, this will get me unwedged. But if you
really didn't forget anything, try typing `2' now; then
my insertion and my current dilemma will both disappear.

c:/Users/user/Desktop/eBook/source/C6.tex:34: Undefined control sequence.
\endminipage ...\expandafter \@iiiparbox \@mpargs 
                                                  {\unvbox \@tempboxa }
l.34 \end{minipage}
                   
The control sequence at the end of the top line
of your error message was never \def'ed. If you have
misspelled it (e.g., `\hobx'), type `I' and the correct
spelling (e.g., `I\hbox'). Otherwise just continue,
and I'll forget about whatever was undefined.

c:/Users/user/Desktop/eBook/source/C6.tex:43: Undefined control sequence.
<argument> ...ze \@tempdima \@parboxrestore \enum 
                                                  \@@par 
l.43 \enum
          {\includegraphics[width=0.9\linewidth]{6.2.png}}{\thesubsection}
The control sequence at the end of the top line
of your error message was never \def'ed. If you have
misspelled it (e.g., `\hobx'), type `I' and the correct
spelling (e.g., `I\hbox'). Otherwise just continue,
and I'll forget about whatever was undefined.

Runaway argument?
{\@checkend {minipage}\expandafter \endgroup \if@endpe \@doendpe \fi \ETC.
c:/Users/user/Desktop/eBook/source/C6.tex:43: Paragraph ended before \setlength was complete.
<to be read again> 
                   \par 
l.43 \enum
          {\includegraphics[width=0.9\linewidth]{6.2.png}}{\thesubsection}
I suspect you've forgotten a `}', causing me to apply this
control sequence to too much text. How can we recover?
My plan is to forget the whole thing and hope for the best.

c:/Users/user/Desktop/eBook/source/C6.tex:43: Undefined control sequence.
<argument> ...end {tabular} \par \par \subsection 
                                                  {\hll {Enumeration environ...
l.43 \enum
          {\includegraphics[width=0.9\linewidth]{6.2.png}}{\thesubsection}
The control sequence at the end of the top line
of your error message was never \def'ed. If you have
misspelled it (e.g., `\hobx'), type `I' and the correct
spelling (e.g., `I\hbox'). Otherwise just continue,
and I'll forget about whatever was undefined.

c:/Users/user/Desktop/eBook/source/C6.tex:43: Undefined control sequence.
<argument> ...abular} \par \par \subsection {\hll 
                                                  {Enumeration environment w...
l.43 \enum
          {\includegraphics[width=0.9\linewidth]{6.2.png}}{\thesubsection}
The control sequence at the end of the top line
of your error message was never \def'ed. If you have
misspelled it (e.g., `\hobx'), type `I' and the correct
spelling (e.g., `I\hbox'). Otherwise just continue,
and I'll forget about whatever was undefined.

Missing character: There is no E in font nullfont!
Missing character: There is no n in font nullfont!
Missing character: There is no u in font nullfont!
Missing character: There is no m in font nullfont!
Missing character: There is no e in font nullfont!
Missing character: There is no r in font nullfont!
Missing character: There is no a in font nullfont!
Missing character: There is no t in font nullfont!
Missing character: There is no i in font nullfont!
Missing character: There is no o in font nullfont!
Missing character: There is no n in font nullfont!
Missing character: There is no e in font nullfont!
Missing character: There is no n in font nullfont!
Missing character: There is no v in font nullfont!
Missing character: There is no i in font nullfont!
Missing character: There is no r in font nullfont!
Missing character: There is no o in font nullfont!
Missing character: There is no n in font nullfont!
Missing character: There is no m in font nullfont!
Missing character: There is no e in font nullfont!
Missing character: There is no n in font nullfont!
Missing character: There is no t in font nullfont!
Missing character: There is no w in font nullfont!
Missing character: There is no i in font nullfont!
Missing character: There is no t in font nullfont!
Missing character: There is no h in font nullfont!
Missing character: There is no p in font nullfont!
Missing character: There is no o in font nullfont!
Missing character: There is no s in font nullfont!
Missing character: There is no i in font nullfont!
Missing character: There is no t in font nullfont!
Missing character: There is no i in font nullfont!
Missing character: There is no o in font nullfont!
Missing character: There is no n in font nullfont!
Missing character: There is no n in font nullfont!
Missing character: There is no u in font nullfont!
Missing character: There is no m in font nullfont!
Missing character: There is no b in font nullfont!
Missing character: There is no e in font nullfont!
Missing character: There is no r in font nullfont!
Missing character: There is no i in font nullfont!
Missing character: There is no n in font nullfont!
Missing character: There is no t in font nullfont!
Missing character: There is no h in font nullfont!
Missing character: There is no e in font nullfont!
Missing character: There is no f in font nullfont!
Missing character: There is no o in font nullfont!
Missing character: There is no r in font nullfont!
Missing character: There is no m in font nullfont!
Missing character: There is no a in font nullfont!
Missing character: There is no t in font nullfont!
Missing character: There is no ( in font nullfont!
Missing character: There is no i in font nullfont!
Missing character: There is no , in font nullfont!
Missing character: There is no j in font nullfont!
Missing character: There is no ) in font nullfont!
c:/Users/user/Desktop/eBook/source/C6.tex:43: Missing } inserted.
<inserted text> 
                }
l.43 \enum
          {\includegraphics[width=0.9\linewidth]{6.2.png}}{\thesubsection}
I've inserted something that you may have forgotten.
(See the <inserted text> above.)
With luck, this will get me unwedged. But if you
really didn't forget anything, try typing `2' now; then
my insertion and my current dilemma will both disappear.

c:/Users/user/Desktop/eBook/source/C6.tex:43: Missing $ inserted.
<inserted text> 
                $
l.43 \enum
          {\includegraphics[width=0.9\linewidth]{6.2.png}}{\thesubsection}
I've inserted a begin-math/end-math symbol since I think
you left one out. Proceed, with fingers crossed.

c:/Users/user/Desktop/eBook/source/C6.tex:43: Missing } inserted.
<inserted text> 
                }
l.43 \enum
          {\includegraphics[width=0.9\linewidth]{6.2.png}}{\thesubsection}
I've inserted something that you may have forgotten.
(See the <inserted text> above.)
With luck, this will get me unwedged. But if you
really didn't forget anything, try typing `2' now; then
my insertion and my current dilemma will both disappear.

c:/Users/user/Desktop/eBook/source/C6.tex:43: Missing \endgroup inserted.
<inserted text> 
                \endgroup 
l.43 \enum
          {\includegraphics[width=0.9\linewidth]{6.2.png}}{\thesubsection}
I've inserted something that you may have forgotten.
(See the <inserted text> above.)
With luck, this will get me unwedged. But if you
really didn't forget anything, try typing `2' now; then
my insertion and my current dilemma will both disappear.

c:/Users/user/Desktop/eBook/source/C6.tex:43: Missing \endgroup inserted.
<inserted text> 
                \endgroup 
l.43 \enum
          {\includegraphics[width=0.9\linewidth]{6.2.png}}{\thesubsection}
I've inserted something that you may have forgotten.
(See the <inserted text> above.)
With luck, this will get me unwedged. But if you
really didn't forget anything, try typing `2' now; then
my insertion and my current dilemma will both disappear.

c:/Users/user/Desktop/eBook/source/C6.tex:43: Extra alignment tab has been changed to \cr.
<recently read> \endtemplate 
                             
l.43 \enum
          {\includegraphics[width=0.9\linewidth]{6.2.png}}{\thesubsection}
You have given more \span or & marks than there were
in the preamble to the \halign or \valign now in progress.
So I'll assume that you meant to type \cr instead.

c:/Users/user/Desktop/eBook/source/C6.tex:43: Illegal parameter number in definition of \@preamble.
<to be read again> 
                   \unskip 
l.43 \enum
          {\includegraphics[width=0.9\linewidth]{6.2.png}}{\thesubsection}
You meant to type ## instead of #, right?
Or maybe a } was forgotten somewhere earlier, and things
are all screwed up? I'm going to assume that you meant ##.

c:/Users/user/Desktop/eBook/source/C6.tex:43: Illegal parameter number in definition of \@preamble.
<to be read again> 
                   \unskip 
l.43 \enum
          {\includegraphics[width=0.9\linewidth]{6.2.png}}{\thesubsection}
You meant to type ## instead of #, right?
Or maybe a } was forgotten somewhere earlier, and things
are all screwed up? I'm going to assume that you meant ##.

c:/Users/user/Desktop/eBook/source/C6.tex:43: Illegal parameter number in definition of \@preamble.
<to be read again> 
                   \unskip 
l.43 \enum
          {\includegraphics[width=0.9\linewidth]{6.2.png}}{\thesubsection}
You meant to type ## instead of #, right?
Or maybe a } was forgotten somewhere earlier, and things
are all screwed up? I'm going to assume that you meant ##.

c:/Users/user/Desktop/eBook/source/C6.tex:43: Illegal parameter number in definition of \@preamble.
<to be read again> 
                   \unskip 
l.43 \enum
          {\includegraphics[width=0.9\linewidth]{6.2.png}}{\thesubsection}
You meant to type ## instead of #, right?
Or maybe a } was forgotten somewhere earlier, and things
are all screwed up? I'm going to assume that you meant ##.

c:/Users/user/Desktop/eBook/source/C6.tex:43: Illegal parameter number in definition of \@preamble.
<to be read again> 
                   \unskip 
l.43 \enum
          {\includegraphics[width=0.9\linewidth]{6.2.png}}{\thesubsection}
You meant to type ## instead of #, right?
Or maybe a } was forgotten somewhere earlier, and things
are all screwed up? I'm going to assume that you meant ##.

c:/Users/user/Desktop/eBook/source/C6.tex:43: Illegal parameter number in definition of \@preamble.
<to be read again> 
                   \unskip 
l.43 \enum
          {\includegraphics[width=0.9\linewidth]{6.2.png}}{\thesubsection}
You meant to type ## instead of #, right?
Or maybe a } was forgotten somewhere earlier, and things
are all screwed up? I'm going to assume that you meant ##.

c:/Users/user/Desktop/eBook/source/C6.tex:43: Illegal parameter number in definition of \@preamble.
<to be read again> 
                   \unskip 
l.43 \enum
          {\includegraphics[width=0.9\linewidth]{6.2.png}}{\thesubsection}
You meant to type ## instead of #, right?
Or maybe a } was forgotten somewhere earlier, and things
are all screwed up? I'm going to assume that you meant ##.

c:/Users/user/Desktop/eBook/source/C6.tex:43: Illegal parameter number in definition of \@preamble.
<to be read again> 
                   \unskip 
l.43 \enum
          {\includegraphics[width=0.9\linewidth]{6.2.png}}{\thesubsection}
You meant to type ## instead of #, right?
Or maybe a } was forgotten somewhere earlier, and things
are all screwed up? I'm going to assume that you meant ##.

c:/Users/user/Desktop/eBook/source/C6.tex:43: Illegal parameter number in definition of \@preamble.
<to be read again> 
                   \unskip 
l.43 \enum
          {\includegraphics[width=0.9\linewidth]{6.2.png}}{\thesubsection}
You meant to type ## instead of #, right?
Or maybe a } was forgotten somewhere earlier, and things
are all screwed up? I'm going to assume that you meant ##.

c:/Users/user/Desktop/eBook/source/C6.tex:43: Illegal parameter number in definition of \@preamble.
<to be read again> 
                   \unskip 
l.43 \enum
          {\includegraphics[width=0.9\linewidth]{6.2.png}}{\thesubsection}
You meant to type ## instead of #, right?
Or maybe a } was forgotten somewhere earlier, and things
are all screwed up? I'm going to assume that you meant ##.

c:/Users/user/Desktop/eBook/source/C6.tex:43: Illegal parameter number in definition of \@preamble.
<to be read again> 
                   \unskip 
l.43 \enum
          {\includegraphics[width=0.9\linewidth]{6.2.png}}{\thesubsection}
You meant to type ## instead of #, right?
Or maybe a } was forgotten somewhere earlier, and things
are all screwed up? I'm going to assume that you meant ##.

c:/Users/user/Desktop/eBook/source/C6.tex:43: Missing } inserted.
<inserted text> 
                }
l.43 \enum
          {\includegraphics[width=0.9\linewidth]{6.2.png}}{\thesubsection}
I've inserted something that you may have forgotten.
(See the <inserted text> above.)
With luck, this will get me unwedged. But if you
really didn't forget anything, try typing `2' now; then
my insertion and my current dilemma will both disappear.

c:/Users/user/Desktop/eBook/source/C6.tex:43: Missing \cr inserted.
<inserted text> 
                \cr 
l.43 \enum
          {\includegraphics[width=0.9\linewidth]{6.2.png}}{\thesubsection}
I'm guessing that you meant to end an alignment here.

c:/Users/user/Desktop/eBook/source/C6.tex:43: Misplaced \cr.
<inserted text> \cr 
                    
l.43 \enum
          {\includegraphics[width=0.9\linewidth]{6.2.png}}{\thesubsection}
I can't figure out why you would want to use a tab mark
or \cr or \span just now. If something like a right brace
up above has ended a previous alignment prematurely,
you're probably due for more error messages, and you
might try typing `S' now just to see what is salvageable.

c:/Users/user/Desktop/eBook/source/C6.tex:43: Missing \cr inserted.
<inserted text> 
                \cr 
l.43 \enum
          {\includegraphics[width=0.9\linewidth]{6.2.png}}{\thesubsection}
I'm guessing that you meant to end an alignment here.

c:/Users/user/Desktop/eBook/source/C6.tex:43: Misplaced \cr.
<inserted text> \cr 
                    
l.43 \enum
          {\includegraphics[width=0.9\linewidth]{6.2.png}}{\thesubsection}
I can't figure out why you would want to use a tab mark
or \cr or \span just now. If something like a right brace
up above has ended a previous alignment prematurely,
you're probably due for more error messages, and you
might try typing `S' now just to see what is salvageable.

c:/Users/user/Desktop/eBook/source/C6.tex:43: Missing \cr inserted.
<inserted text> 
                \cr 
l.43 \enum
          {\includegraphics[width=0.9\linewidth]{6.2.png}}{\thesubsection}
I'm guessing that you meant to end an alignment here.

c:/Users/user/Desktop/eBook/source/C6.tex:43: Misplaced \cr.
<inserted text> \cr 
                    
l.43 \enum
          {\includegraphics[width=0.9\linewidth]{6.2.png}}{\thesubsection}
I can't figure out why you would want to use a tab mark
or \cr or \span just now. If something like a right brace
up above has ended a previous alignment prematurely,
you're probably due for more error messages, and you
might try typing `S' now just to see what is salvageable.

c:/Users/user/Desktop/eBook/source/C6.tex:43: Missing \cr inserted.
<inserted text> 
                \cr 
l.43 \enum
          {\includegraphics[width=0.9\linewidth]{6.2.png}}{\thesubsection}
I'm guessing that you meant to end an alignment here.

c:/Users/user/Desktop/eBook/source/C6.tex:43: Misplaced \cr.
<inserted text> \cr 
                    
l.43 \enum
          {\includegraphics[width=0.9\linewidth]{6.2.png}}{\thesubsection}
I can't figure out why you would want to use a tab mark
or \cr or \span just now. If something like a right brace
up above has ended a previous alignment prematurely,
you're probably due for more error messages, and you
might try typing `S' now just to see what is salvageable.

c:/Users/user/Desktop/eBook/source/C6.tex:43: Missing \cr inserted.
<inserted text> 
                \cr 
l.43 \enum
          {\includegraphics[width=0.9\linewidth]{6.2.png}}{\thesubsection}
I'm guessing that you meant to end an alignment here.

c:/Users/user/Desktop/eBook/source/C6.tex:43: Misplaced \cr.
<inserted text> \cr 
                    
l.43 \enum
          {\includegraphics[width=0.9\linewidth]{6.2.png}}{\thesubsection}
I can't figure out why you would want to use a tab mark
or \cr or \span just now. If something like a right brace
up above has ended a previous alignment prematurely,
you're probably due for more error messages, and you
might try typing `S' now just to see what is salvageable.

c:/Users/user/Desktop/eBook/source/C6.tex:43: Missing \cr inserted.
<inserted text> 
                \cr 
l.43 \enum
          {\includegraphics[width=0.9\linewidth]{6.2.png}}{\thesubsection}
I'm guessing that you meant to end an alignment here.

c:/Users/user/Desktop/eBook/source/C6.tex:43: Misplaced \cr.
<inserted text> \cr 
                    
l.43 \enum
          {\includegraphics[width=0.9\linewidth]{6.2.png}}{\thesubsection}
I can't figure out why you would want to use a tab mark
or \cr or \span just now. If something like a right brace
up above has ended a previous alignment prematurely,
you're probably due for more error messages, and you
might try typing `S' now just to see what is salvageable.

c:/Users/user/Desktop/eBook/source/C6.tex:43: Missing \cr inserted.
<inserted text> 
                \cr 
l.43 \enum
          {\includegraphics[width=0.9\linewidth]{6.2.png}}{\thesubsection}
I'm guessing that you meant to end an alignment here.

c:/Users/user/Desktop/eBook/source/C6.tex:43: Misplaced \cr.
<inserted text> \cr 
                    
l.43 \enum
          {\includegraphics[width=0.9\linewidth]{6.2.png}}{\thesubsection}
I can't figure out why you would want to use a tab mark
or \cr or \span just now. If something like a right brace
up above has ended a previous alignment prematurely,
you're probably due for more error messages, and you
might try typing `S' now just to see what is salvageable.

c:/Users/user/Desktop/eBook/source/C6.tex:43: Missing \cr inserted.
<inserted text> 
                \cr 
l.43 \enum
          {\includegraphics[width=0.9\linewidth]{6.2.png}}{\thesubsection}
I'm guessing that you meant to end an alignment here.

c:/Users/user/Desktop/eBook/source/C6.tex:43: Misplaced \cr.
<inserted text> \cr 
                    
l.43 \enum
          {\includegraphics[width=0.9\linewidth]{6.2.png}}{\thesubsection}
I can't figure out why you would want to use a tab mark
or \cr or \span just now. If something like a right brace
up above has ended a previous alignment prematurely,
you're probably due for more error messages, and you
might try typing `S' now just to see what is salvageable.

c:/Users/user/Desktop/eBook/source/C6.tex:43: Missing \cr inserted.
<inserted text> 
                \cr 
l.43 \enum
          {\includegraphics[width=0.9\linewidth]{6.2.png}}{\thesubsection}
I'm guessing that you meant to end an alignment here.

c:/Users/user/Desktop/eBook/source/C6.tex:43: Misplaced \cr.
<inserted text> \cr 
                    
l.43 \enum
          {\includegraphics[width=0.9\linewidth]{6.2.png}}{\thesubsection}
I can't figure out why you would want to use a tab mark
or \cr or \span just now. If something like a right brace
up above has ended a previous alignment prematurely,
you're probably due for more error messages, and you
might try typing `S' now just to see what is salvageable.

c:/Users/user/Desktop/eBook/source/C6.tex:43: Missing \cr inserted.
<inserted text> 
                \cr 
l.43 \enum
          {\includegraphics[width=0.9\linewidth]{6.2.png}}{\thesubsection}
I'm guessing that you meant to end an alignment here.

c:/Users/user/Desktop/eBook/source/C6.tex:43: Misplaced \cr.
<inserted text> \cr 
                    
l.43 \enum
          {\includegraphics[width=0.9\linewidth]{6.2.png}}{\thesubsection}
I can't figure out why you would want to use a tab mark
or \cr or \span just now. If something like a right brace
up above has ended a previous alignment prematurely,
you're probably due for more error messages, and you
might try typing `S' now just to see what is salvageable.

c:/Users/user/Desktop/eBook/source/C6.tex:43: Missing \cr inserted.
<inserted text> 
                \cr 
l.43 \enum
          {\includegraphics[width=0.9\linewidth]{6.2.png}}{\thesubsection}
I'm guessing that you meant to end an alignment here.

c:/Users/user/Desktop/eBook/source/C6.tex:43: Misplaced \cr.
<inserted text> \cr 
                    
l.43 \enum
          {\includegraphics[width=0.9\linewidth]{6.2.png}}{\thesubsection}
I can't figure out why you would want to use a tab mark
or \cr or \span just now. If something like a right brace
up above has ended a previous alignment prematurely,
you're probably due for more error messages, and you
might try typing `S' now just to see what is salvageable.

c:/Users/user/Desktop/eBook/source/C6.tex:43: Missing \cr inserted.
<inserted text> 
                \cr 
l.43 \enum
          {\includegraphics[width=0.9\linewidth]{6.2.png}}{\thesubsection}
I'm guessing that you meant to end an alignment here.

c:/Users/user/Desktop/eBook/source/C6.tex:43: Misplaced \cr.
<inserted text> \cr 
                    
l.43 \enum
          {\includegraphics[width=0.9\linewidth]{6.2.png}}{\thesubsection}
I can't figure out why you would want to use a tab mark
or \cr or \span just now. If something like a right brace
up above has ended a previous alignment prematurely,
you're probably due for more error messages, and you
might try typing `S' now just to see what is salvageable.

c:/Users/user/Desktop/eBook/source/C6.tex:43: Missing \cr inserted.
<inserted text> 
                \cr 
l.43 \enum
          {\includegraphics[width=0.9\linewidth]{6.2.png}}{\thesubsection}
I'm guessing that you meant to end an alignment here.

c:/Users/user/Desktop/eBook/source/C6.tex:43: Misplaced \cr.
<inserted text> \cr 
                    
l.43 \enum
          {\includegraphics[width=0.9\linewidth]{6.2.png}}{\thesubsection}
I can't figure out why you would want to use a tab mark
or \cr or \span just now. If something like a right brace
up above has ended a previous alignment prematurely,
you're probably due for more error messages, and you
might try typing `S' now just to see what is salvageable.

c:/Users/user/Desktop/eBook/source/C6.tex:43: Missing \cr inserted.
<inserted text> 
                \cr 
l.43 \enum
          {\includegraphics[width=0.9\linewidth]{6.2.png}}{\thesubsection}
I'm guessing that you meant to end an alignment here.

c:/Users/user/Desktop/eBook/source/C6.tex:43: Misplaced \cr.
<inserted text> \cr 
                    
l.43 \enum
          {\includegraphics[width=0.9\linewidth]{6.2.png}}{\thesubsection}
I can't figure out why you would want to use a tab mark
or \cr or \span just now. If something like a right brace
up above has ended a previous alignment prematurely,
you're probably due for more error messages, and you
might try typing `S' now just to see what is salvageable.

c:/Users/user/Desktop/eBook/source/C6.tex:43: Missing \cr inserted.
<inserted text> 
                \cr 
l.43 \enum
          {\includegraphics[width=0.9\linewidth]{6.2.png}}{\thesubsection}
I'm guessing that you meant to end an alignment here.

c:/Users/user/Desktop/eBook/source/C6.tex:43: Misplaced \cr.
<inserted text> \cr 
                    
l.43 \enum
          {\includegraphics[width=0.9\linewidth]{6.2.png}}{\thesubsection}
I can't figure out why you would want to use a tab mark
or \cr or \span just now. If something like a right brace
up above has ended a previous alignment prematurely,
you're probably due for more error messages, and you
might try typing `S' now just to see what is salvageable.

c:/Users/user/Desktop/eBook/source/C6.tex:43: Missing \cr inserted.
<inserted text> 
                \cr 
l.43 \enum
          {\includegraphics[width=0.9\linewidth]{6.2.png}}{\thesubsection}
I'm guessing that you meant to end an alignment here.

c:/Users/user/Desktop/eBook/source/C6.tex:43: Misplaced \cr.
<inserted text> \cr 
                    
l.43 \enum
          {\includegraphics[width=0.9\linewidth]{6.2.png}}{\thesubsection}
I can't figure out why you would want to use a tab mark
or \cr or \span just now. If something like a right brace
up above has ended a previous alignment prematurely,
you're probably due for more error messages, and you
might try typing `S' now just to see what is salvageable.

c:/Users/user/Desktop/eBook/source/C6.tex:43: Missing \cr inserted.
<inserted text> 
                \cr 
l.43 \enum
          {\includegraphics[width=0.9\linewidth]{6.2.png}}{\thesubsection}
I'm guessing that you meant to end an alignment here.

c:/Users/user/Desktop/eBook/source/C6.tex:43: Misplaced \cr.
<inserted text> \cr 
                    
l.43 \enum
          {\includegraphics[width=0.9\linewidth]{6.2.png}}{\thesubsection}
I can't figure out why you would want to use a tab mark
or \cr or \span just now. If something like a right brace
up above has ended a previous alignment prematurely,
you're probably due for more error messages, and you
might try typing `S' now just to see what is salvageable.

c:/Users/user/Desktop/eBook/source/C6.tex:43: Missing \cr inserted.
<inserted text> 
                \cr 
l.43 \enum
          {\includegraphics[width=0.9\linewidth]{6.2.png}}{\thesubsection}
I'm guessing that you meant to end an alignment here.

c:/Users/user/Desktop/eBook/source/C6.tex:43: Misplaced \cr.
<inserted text> \cr 
                    
l.43 \enum
          {\includegraphics[width=0.9\linewidth]{6.2.png}}{\thesubsection}
I can't figure out why you would want to use a tab mark
or \cr or \span just now. If something like a right brace
up above has ended a previous alignment prematurely,
you're probably due for more error messages, and you
might try typing `S' now just to see what is salvageable.

c:/Users/user/Desktop/eBook/source/C6.tex:43: Missing \cr inserted.
<inserted text> 
                \cr 
l.43 \enum
          {\includegraphics[width=0.9\linewidth]{6.2.png}}{\thesubsection}
I'm guessing that you meant to end an alignment here.

c:/Users/user/Desktop/eBook/source/C6.tex:43: Misplaced \cr.
<inserted text> \cr 
                    
l.43 \enum
          {\includegraphics[width=0.9\linewidth]{6.2.png}}{\thesubsection}
I can't figure out why you would want to use a tab mark
or \cr or \span just now. If something like a right brace
up above has ended a previous alignment prematurely,
you're probably due for more error messages, and you
might try typing `S' now just to see what is salvageable.

c:/Users/user/Desktop/eBook/source/C6.tex:43: Missing \cr inserted.
<inserted text> 
                \cr 
l.43 \enum
          {\includegraphics[width=0.9\linewidth]{6.2.png}}{\thesubsection}
I'm guessing that you meant to end an alignment here.

c:/Users/user/Desktop/eBook/source/C6.tex:43: Misplaced \cr.
<inserted text> \cr 
                    
l.43 \enum
          {\includegraphics[width=0.9\linewidth]{6.2.png}}{\thesubsection}
I can't figure out why you would want to use a tab mark
or \cr or \span just now. If something like a right brace
up above has ended a previous alignment prematurely,
you're probably due for more error messages, and you
might try typing `S' now just to see what is salvageable.

c:/Users/user/Desktop/eBook/source/C6.tex:43: Missing \cr inserted.
<inserted text> 
                \cr 
l.43 \enum
          {\includegraphics[width=0.9\linewidth]{6.2.png}}{\thesubsection}
I'm guessing that you meant to end an alignment here.

c:/Users/user/Desktop/eBook/source/C6.tex:43: Misplaced \cr.
<inserted text> \cr 
                    
l.43 \enum
          {\includegraphics[width=0.9\linewidth]{6.2.png}}{\thesubsection}
I can't figure out why you would want to use a tab mark
or \cr or \span just now. If something like a right brace
up above has ended a previous alignment prematurely,
you're probably due for more error messages, and you
might try typing `S' now just to see what is salvageable.

c:/Users/user/Desktop/eBook/source/C6.tex:43: Missing \cr inserted.
<inserted text> 
                \cr 
l.43 \enum
          {\includegraphics[width=0.9\linewidth]{6.2.png}}{\thesubsection}
I'm guessing that you meant to end an alignment here.

c:/Users/user/Desktop/eBook/source/C6.tex:43: Misplaced \cr.
<inserted text> \cr 
                    
l.43 \enum
          {\includegraphics[width=0.9\linewidth]{6.2.png}}{\thesubsection}
I can't figure out why you would want to use a tab mark
or \cr or \span just now. If something like a right brace
up above has ended a previous alignment prematurely,
you're probably due for more error messages, and you
might try typing `S' now just to see what is salvageable.

c:/Users/user/Desktop/eBook/source/C6.tex:43: Missing \cr inserted.
<inserted text> 
                \cr 
l.43 \enum
          {\includegraphics[width=0.9\linewidth]{6.2.png}}{\thesubsection}
I'm guessing that you meant to end an alignment here.

c:/Users/user/Desktop/eBook/source/C6.tex:43: Misplaced \cr.
<inserted text> \cr 
                    
l.43 \enum
          {\includegraphics[width=0.9\linewidth]{6.2.png}}{\thesubsection}
I can't figure out why you would want to use a tab mark
or \cr or \span just now. If something like a right brace
up above has ended a previous alignment prematurely,
you're probably due for more error messages, and you
might try typing `S' now just to see what is salvageable.

c:/Users/user/Desktop/eBook/source/C6.tex:43: Missing \cr inserted.
<inserted text> 
                \cr 
l.43 \enum
          {\includegraphics[width=0.9\linewidth]{6.2.png}}{\thesubsection}
I'm guessing that you meant to end an alignment here.

c:/Users/user/Desktop/eBook/source/C6.tex:43: Misplaced \cr.
<inserted text> \cr 
                    
l.43 \enum
          {\includegraphics[width=0.9\linewidth]{6.2.png}}{\thesubsection}
I can't figure out why you would want to use a tab mark
or \cr or \span just now. If something like a right brace
up above has ended a previous alignment prematurely,
you're probably due for more error messages, and you
might try typing `S' now just to see what is salvageable.

c:/Users/user/Desktop/eBook/source/C6.tex:43: Missing \cr inserted.
<inserted text> 
                \cr 
l.43 \enum
          {\includegraphics[width=0.9\linewidth]{6.2.png}}{\thesubsection}
I'm guessing that you meant to end an alignment here.

c:/Users/user/Desktop/eBook/source/C6.tex:43: Misplaced \cr.
<inserted text> \cr 
                    
l.43 \enum
          {\includegraphics[width=0.9\linewidth]{6.2.png}}{\thesubsection}
I can't figure out why you would want to use a tab mark
or \cr or \span just now. If something like a right brace
up above has ended a previous alignment prematurely,
you're probably due for more error messages, and you
might try typing `S' now just to see what is salvageable.

c:/Users/user/Desktop/eBook/source/C6.tex:43: Missing \cr inserted.
<inserted text> 
                \cr 
l.43 \enum
          {\includegraphics[width=0.9\linewidth]{6.2.png}}{\thesubsection}
I'm guessing that you meant to end an alignment here.

c:/Users/user/Desktop/eBook/source/C6.tex:43: Misplaced \cr.
<inserted text> \cr 
                    
l.43 \enum
          {\includegraphics[width=0.9\linewidth]{6.2.png}}{\thesubsection}
I can't figure out why you would want to use a tab mark
or \cr or \span just now. If something like a right brace
up above has ended a previous alignment prematurely,
you're probably due for more error messages, and you
might try typing `S' now just to see what is salvageable.

c:/Users/user/Desktop/eBook/source/C6.tex:43: Missing \cr inserted.
<inserted text> 
                \cr 
l.43 \enum
          {\includegraphics[width=0.9\linewidth]{6.2.png}}{\thesubsection}
I'm guessing that you meant to end an alignment here.

c:/Users/user/Desktop/eBook/source/C6.tex:43: Misplaced \cr.
<inserted text> \cr 
                    
l.43 \enum
          {\includegraphics[width=0.9\linewidth]{6.2.png}}{\thesubsection}
I can't figure out why you would want to use a tab mark
or \cr or \span just now. If something like a right brace
up above has ended a previous alignment prematurely,
you're probably due for more error messages, and you
might try typing `S' now just to see what is salvageable.

c:/Users/user/Desktop/eBook/source/C6.tex:43: Missing \cr inserted.
<inserted text> 
                \cr 
l.43 \enum
          {\includegraphics[width=0.9\linewidth]{6.2.png}}{\thesubsection}
I'm guessing that you meant to end an alignment here.

c:/Users/user/Desktop/eBook/source/C6.tex:43: Misplaced \cr.
<inserted text> \cr 
                    
l.43 \enum
          {\includegraphics[width=0.9\linewidth]{6.2.png}}{\thesubsection}
I can't figure out why you would want to use a tab mark
or \cr or \span just now. If something like a right brace
up above has ended a previous alignment prematurely,
you're probably due for more error messages, and you
might try typing `S' now just to see what is salvageable.

c:/Users/user/Desktop/eBook/source/C6.tex:43: Missing \cr inserted.
<inserted text> 
                \cr 
l.43 \enum
          {\includegraphics[width=0.9\linewidth]{6.2.png}}{\thesubsection}
I'm guessing that you meant to end an alignment here.

c:/Users/user/Desktop/eBook/source/C6.tex:43: Misplaced \cr.
<inserted text> \cr 
                    
l.43 \enum
          {\includegraphics[width=0.9\linewidth]{6.2.png}}{\thesubsection}
I can't figure out why you would want to use a tab mark
or \cr or \span just now. If something like a right brace
up above has ended a previous alignment prematurely,
you're probably due for more error messages, and you
might try typing `S' now just to see what is salvageable.

c:/Users/user/Desktop/eBook/source/C6.tex:43: Missing \cr inserted.
<inserted text> 
                \cr 
l.43 \enum
          {\includegraphics[width=0.9\linewidth]{6.2.png}}{\thesubsection}
I'm guessing that you meant to end an alignment here.

c:/Users/user/Desktop/eBook/source/C6.tex:43: Misplaced \cr.
<inserted text> \cr 
                    
l.43 \enum
          {\includegraphics[width=0.9\linewidth]{6.2.png}}{\thesubsection}
I can't figure out why you would want to use a tab mark
or \cr or \span just now. If something like a right brace
up above has ended a previous alignment prematurely,
you're probably due for more error messages, and you
might try typing `S' now just to see what is salvageable.

c:/Users/user/Desktop/eBook/source/C6.tex:43: Missing \cr inserted.
<inserted text> 
                \cr 
l.43 \enum
          {\includegraphics[width=0.9\linewidth]{6.2.png}}{\thesubsection}
I'm guessing that you meant to end an alignment here.

c:/Users/user/Desktop/eBook/source/C6.tex:43: Misplaced \cr.
<inserted text> \cr 
                    
l.43 \enum
          {\includegraphics[width=0.9\linewidth]{6.2.png}}{\thesubsection}
I can't figure out why you would want to use a tab mark
or \cr or \span just now. If something like a right brace
up above has ended a previous alignment prematurely,
you're probably due for more error messages, and you
might try typing `S' now just to see what is salvageable.

c:/Users/user/Desktop/eBook/source/C6.tex:43: Missing \cr inserted.
<inserted text> 
                \cr 
l.43 \enum
          {\includegraphics[width=0.9\linewidth]{6.2.png}}{\thesubsection}
I'm guessing that you meant to end an alignment here.

c:/Users/user/Desktop/eBook/source/C6.tex:43: Misplaced \cr.
<inserted text> \cr 
                    
l.43 \enum
          {\includegraphics[width=0.9\linewidth]{6.2.png}}{\thesubsection}
I can't figure out why you would want to use a tab mark
or \cr or \span just now. If something like a right brace
up above has ended a previous alignment prematurely,
you're probably due for more error messages, and you
might try typing `S' now just to see what is salvageable.

c:/Users/user/Desktop/eBook/source/C6.tex:43: Missing \cr inserted.
<inserted text> 
                \cr 
l.43 \enum
          {\includegraphics[width=0.9\linewidth]{6.2.png}}{\thesubsection}
I'm guessing that you meant to end an alignment here.

c:/Users/user/Desktop/eBook/source/C6.tex:43: Misplaced \cr.
<inserted text> \cr 
                    
l.43 \enum
          {\includegraphics[width=0.9\linewidth]{6.2.png}}{\thesubsection}
I can't figure out why you would want to use a tab mark
or \cr or \span just now. If something like a right brace
up above has ended a previous alignment prematurely,
you're probably due for more error messages, and you
might try typing `S' now just to see what is salvageable.

c:/Users/user/Desktop/eBook/source/C6.tex:43: Missing \cr inserted.
<inserted text> 
                \cr 
l.43 \enum
          {\includegraphics[width=0.9\linewidth]{6.2.png}}{\thesubsection}
I'm guessing that you meant to end an alignment here.

c:/Users/user/Desktop/eBook/source/C6.tex:43: Misplaced \cr.
<inserted text> \cr 
                    
l.43 \enum
          {\includegraphics[width=0.9\linewidth]{6.2.png}}{\thesubsection}
I can't figure out why you would want to use a tab mark
or \cr or \span just now. If something like a right brace
up above has ended a previous alignment prematurely,
you're probably due for more error messages, and you
might try typing `S' now just to see what is salvageable.

c:/Users/user/Desktop/eBook/source/C6.tex:43: Missing \cr inserted.
<inserted text> 
                \cr 
l.43 \enum
          {\includegraphics[width=0.9\linewidth]{6.2.png}}{\thesubsection}
I'm guessing that you meant to end an alignment here.

c:/Users/user/Desktop/eBook/source/C6.tex:43: Misplaced \cr.
<inserted text> \cr 
                    
l.43 \enum
          {\includegraphics[width=0.9\linewidth]{6.2.png}}{\thesubsection}
I can't figure out why you would want to use a tab mark
or \cr or \span just now. If something like a right brace
up above has ended a previous alignment prematurely,
you're probably due for more error messages, and you
might try typing `S' now just to see what is salvageable.

c:/Users/user/Desktop/eBook/source/C6.tex:43: Missing \cr inserted.
<inserted text> 
                \cr 
l.43 \enum
          {\includegraphics[width=0.9\linewidth]{6.2.png}}{\thesubsection}
I'm guessing that you meant to end an alignment here.

c:/Users/user/Desktop/eBook/source/C6.tex:43: Misplaced \cr.
<inserted text> \cr 
                    
l.43 \enum
          {\includegraphics[width=0.9\linewidth]{6.2.png}}{\thesubsection}
I can't figure out why you would want to use a tab mark
or \cr or \span just now. If something like a right brace
up above has ended a previous alignment prematurely,
you're probably due for more error messages, and you
might try typing `S' now just to see what is salvageable.

c:/Users/user/Desktop/eBook/source/C6.tex:43: Missing \cr inserted.
<inserted text> 
                \cr 
l.43 \enum
          {\includegraphics[width=0.9\linewidth]{6.2.png}}{\thesubsection}
I'm guessing that you meant to end an alignment here.

c:/Users/user/Desktop/eBook/source/C6.tex:43: Misplaced \cr.
<inserted text> \cr 
                    
l.43 \enum
          {\includegraphics[width=0.9\linewidth]{6.2.png}}{\thesubsection}
I can't figure out why you would want to use a tab mark
or \cr or \span just now. If something like a right brace
up above has ended a previous alignment prematurely,
you're probably due for more error messages, and you
might try typing `S' now just to see what is salvageable.

c:/Users/user/Desktop/eBook/source/C6.tex:43: Missing \cr inserted.
<inserted text> 
                \cr 
l.43 \enum
          {\includegraphics[width=0.9\linewidth]{6.2.png}}{\thesubsection}
I'm guessing that you meant to end an alignment here.

c:/Users/user/Desktop/eBook/source/C6.tex:43: Misplaced \cr.
<inserted text> \cr 
                    
l.43 \enum
          {\includegraphics[width=0.9\linewidth]{6.2.png}}{\thesubsection}
I can't figure out why you would want to use a tab mark
or \cr or \span just now. If something like a right brace
up above has ended a previous alignment prematurely,
you're probably due for more error messages, and you
might try typing `S' now just to see what is salvageable.

c:/Users/user/Desktop/eBook/source/C6.tex:43: Missing \cr inserted.
<inserted text> 
                \cr 
l.43 \enum
          {\includegraphics[width=0.9\linewidth]{6.2.png}}{\thesubsection}
I'm guessing that you meant to end an alignment here.

c:/Users/user/Desktop/eBook/source/C6.tex:43: Misplaced \cr.
<inserted text> \cr 
                    
l.43 \enum
          {\includegraphics[width=0.9\linewidth]{6.2.png}}{\thesubsection}
I can't figure out why you would want to use a tab mark
or \cr or \span just now. If something like a right brace
up above has ended a previous alignment prematurely,
you're probably due for more error messages, and you
might try typing `S' now just to see what is salvageable.

c:/Users/user/Desktop/eBook/source/C6.tex:43: Missing \cr inserted.
<inserted text> 
                \cr 
l.43 \enum
          {\includegraphics[width=0.9\linewidth]{6.2.png}}{\thesubsection}
I'm guessing that you meant to end an alignment here.

c:/Users/user/Desktop/eBook/source/C6.tex:43: Misplaced \cr.
<inserted text> \cr 
                    
l.43 \enum
          {\includegraphics[width=0.9\linewidth]{6.2.png}}{\thesubsection}
I can't figure out why you would want to use a tab mark
or \cr or \span just now. If something like a right brace
up above has ended a previous alignment prematurely,
you're probably due for more error messages, and you
might try typing `S' now just to see what is salvageable.

c:/Users/user/Desktop/eBook/source/C6.tex:43: Missing \cr inserted.
<inserted text> 
                \cr 
l.43 \enum
          {\includegraphics[width=0.9\linewidth]{6.2.png}}{\thesubsection}
I'm guessing that you meant to end an alignment here.

c:/Users/user/Desktop/eBook/source/C6.tex:43: Misplaced \cr.
<inserted text> \cr 
                    
l.43 \enum
          {\includegraphics[width=0.9\linewidth]{6.2.png}}{\thesubsection}
I can't figure out why you would want to use a tab mark
or \cr or \span just now. If something like a right brace
up above has ended a previous alignment prematurely,
you're probably due for more error messages, and you
might try typing `S' now just to see what is salvageable.

c:/Users/user/Desktop/eBook/source/C6.tex:43: Missing \cr inserted.
<inserted text> 
                \cr 
l.43 \enum
          {\includegraphics[width=0.9\linewidth]{6.2.png}}{\thesubsection}
(That makes 100 errors; please try again.) 
Here is how much of TeX's memory you used:
 572 strings out of 476024
 10629 string characters out of 5794016
 1852382 words of memory out of 5000000
 21101 multiletter control sequences out of 15000+600000
 512455 words of font info for 33 fonts, out of 8000000 for 9000
 1141 hyphenation exceptions out of 8191
 33i,10n,38p,187b,1134s stack positions out of 10000i,1000n,20000p,200000b,200000s

c:/Users/user/Desktop/eBook/source/C6.tex:43:  ==> Fatal error occurred, no output PDF file produced!
